[  9%] Built target controller__rosidl_generator_c
[  9%] Built target ament_cmake_python_copy_controller
[ 12%] Built target controller__cpp
[ 21%] Built target controller__rosidl_typesupport_introspection_c
[ 30%] Built target controller__rosidl_typesupport_fastrtps_c
[ 39%] Built target controller__rosidl_typesupport_c
[ 48%] Built target controller__rosidl_typesupport_cpp
[ 57%] Built target controller__rosidl_typesupport_fastrtps_cpp
[ 66%] Built target controller__rosidl_typesupport_introspection_cpp
[ 72%] Built target pub_controller
[ 72%] Built target controller
[ 75%] Built target controller__py
[ 81%] Built target controller__rosidl_generator_py
[ 87%] Built target controller__rosidl_typesupport_fastrtps_c__pyext
[ 93%] Built target controller__rosidl_typesupport_introspection_c__pyext
[100%] Built target controller__rosidl_typesupport_c__pyext
running egg_info
writing controller.egg-info/PKG-INFO
writing dependency_links to controller.egg-info/dependency_links.txt
writing top-level names to controller.egg-info/top_level.txt
reading manifest file 'controller.egg-info/SOURCES.txt'
writing manifest file 'controller.egg-info/SOURCES.txt'
[100%] Built target ament_cmake_python_build_controller_egg
-- Install configuration: ""
-- Up-to-date: /home/raurus/Documents/Magang_Banyu/ros2/install/controller/share/ament_index/resource_index/rosidl_interfaces/controller
-- Up-to-date: /home/raurus/Documents/Magang_Banyu/ros2/install/controller/include/controller/controller
-- Up-to-date: /home/raurus/Documents/Magang_Banyu/ros2/install/controller/include/controller/controller/msg
-- Up-to-date: /home/raurus/Documents/Magang_Banyu/ros2/install/controller/include/controller/controller/msg/motion.h
-- Up-to-date: /home/raurus/Documents/Magang_Banyu/ros2/install/controller/include/controller/controller/msg/rosidl_generator_c__visibility_control.h
-- Up-to-date: /home/raurus/Documents/Magang_Banyu/ros2/install/controller/include/controller/controller/msg/detail
-- Up-to-date: /home/raurus/Documents/Magang_Banyu/ros2/install/controller/include/controller/controller/msg/detail/motion__functions.h
-- Up-to-date: /home/raurus/Documents/Magang_Banyu/ros2/install/controller/include/controller/controller/msg/detail/motion__struct.h
-- Up-to-date: /home/raurus/Documents/Magang_Banyu/ros2/install/controller/include/controller/controller/msg/detail/motion__functions.c
-- Up-to-date: /home/raurus/Documents/Magang_Banyu/ros2/install/controller/include/controller/controller/msg/detail/motion__type_support.h
-- Up-to-date: /home/raurus/Documents/Magang_Banyu/ros2/install/controller/share/controller/environment/library_path.sh
-- Up-to-date: /home/raurus/Documents/Magang_Banyu/ros2/install/controller/share/controller/environment/library_path.dsv
-- Up-to-date: /home/raurus/Documents/Magang_Banyu/ros2/install/controller/lib/libcontroller__rosidl_generator_c.so
-- Up-to-date: /home/raurus/Documents/Magang_Banyu/ros2/install/controller/include/controller/controller
-- Up-to-date: /home/raurus/Documents/Magang_Banyu/ros2/install/controller/include/controller/controller/msg
-- Up-to-date: /home/raurus/Documents/Magang_Banyu/ros2/install/controller/include/controller/controller/msg/detail
-- Up-to-date: /home/raurus/Documents/Magang_Banyu/ros2/install/controller/include/controller/controller/msg/detail/motion__rosidl_typesupport_fastrtps_c.h
-- Up-to-date: /home/raurus/Documents/Magang_Banyu/ros2/install/controller/include/controller/controller/msg/rosidl_typesupport_fastrtps_c__visibility_control.h
-- Up-to-date: /home/raurus/Documents/Magang_Banyu/ros2/install/controller/lib/libcontroller__rosidl_typesupport_fastrtps_c.so
-- Up-to-date: /home/raurus/Documents/Magang_Banyu/ros2/install/controller/include/controller/controller
-- Up-to-date: /home/raurus/Documents/Magang_Banyu/ros2/install/controller/include/controller/controller/msg
-- Up-to-date: /home/raurus/Documents/Magang_Banyu/ros2/install/controller/include/controller/controller/msg/motion.hpp
-- Up-to-date: /home/raurus/Documents/Magang_Banyu/ros2/install/controller/include/controller/controller/msg/detail
-- Up-to-date: /home/raurus/Documents/Magang_Banyu/ros2/install/controller/include/controller/controller/msg/detail/motion__traits.hpp
-- Up-to-date: /home/raurus/Documents/Magang_Banyu/ros2/install/controller/include/controller/controller/msg/detail/motion__builder.hpp
-- Up-to-date: /home/raurus/Documents/Magang_Banyu/ros2/install/controller/include/controller/controller/msg/detail/motion__struct.hpp
-- Up-to-date: /home/raurus/Documents/Magang_Banyu/ros2/install/controller/include/controller/controller
-- Up-to-date: /home/raurus/Documents/Magang_Banyu/ros2/install/controller/include/controller/controller/msg
-- Up-to-date: /home/raurus/Documents/Magang_Banyu/ros2/install/controller/include/controller/controller/msg/rosidl_typesupport_fastrtps_cpp__visibility_control.h
-- Up-to-date: /home/raurus/Documents/Magang_Banyu/ros2/install/controller/include/controller/controller/msg/detail
-- Up-to-date: /home/raurus/Documents/Magang_Banyu/ros2/install/controller/include/controller/controller/msg/detail/motion__rosidl_typesupport_fastrtps_cpp.hpp
-- Up-to-date: /home/raurus/Documents/Magang_Banyu/ros2/install/controller/include/controller/controller/msg/detail/dds_fastrtps
-- Up-to-date: /home/raurus/Documents/Magang_Banyu/ros2/install/controller/lib/libcontroller__rosidl_typesupport_fastrtps_cpp.so
-- Up-to-date: /home/raurus/Documents/Magang_Banyu/ros2/install/controller/include/controller/controller
-- Up-to-date: /home/raurus/Documents/Magang_Banyu/ros2/install/controller/include/controller/controller/msg
-- Up-to-date: /home/raurus/Documents/Magang_Banyu/ros2/install/controller/include/controller/controller/msg/detail
-- Up-to-date: /home/raurus/Documents/Magang_Banyu/ros2/install/controller/include/controller/controller/msg/detail/motion__type_support.c
-- Up-to-date: /home/raurus/Documents/Magang_Banyu/ros2/install/controller/include/controller/controller/msg/detail/motion__rosidl_typesupport_introspection_c.h
-- Up-to-date: /home/raurus/Documents/Magang_Banyu/ros2/install/controller/include/controller/controller/msg/rosidl_typesupport_introspection_c__visibility_control.h
-- Up-to-date: /home/raurus/Documents/Magang_Banyu/ros2/install/controller/lib/libcontroller__rosidl_typesupport_introspection_c.so
-- Up-to-date: /home/raurus/Documents/Magang_Banyu/ros2/install/controller/lib/libcontroller__rosidl_typesupport_c.so
-- Up-to-date: /home/raurus/Documents/Magang_Banyu/ros2/install/controller/include/controller/controller
-- Up-to-date: /home/raurus/Documents/Magang_Banyu/ros2/install/controller/include/controller/controller/msg
-- Up-to-date: /home/raurus/Documents/Magang_Banyu/ros2/install/controller/include/controller/controller/msg/detail
-- Up-to-date: /home/raurus/Documents/Magang_Banyu/ros2/install/controller/include/controller/controller/msg/detail/motion__rosidl_typesupport_introspection_cpp.hpp
-- Up-to-date: /home/raurus/Documents/Magang_Banyu/ros2/install/controller/include/controller/controller/msg/detail/motion__type_support.cpp
-- Up-to-date: /home/raurus/Documents/Magang_Banyu/ros2/install/controller/lib/libcontroller__rosidl_typesupport_introspection_cpp.so
-- Up-to-date: /home/raurus/Documents/Magang_Banyu/ros2/install/controller/lib/libcontroller__rosidl_typesupport_cpp.so
-- Up-to-date: /home/raurus/Documents/Magang_Banyu/ros2/install/controller/share/controller/environment/pythonpath.sh
-- Up-to-date: /home/raurus/Documents/Magang_Banyu/ros2/install/controller/share/controller/environment/pythonpath.dsv
-- Up-to-date: /home/raurus/Documents/Magang_Banyu/ros2/install/controller/local/lib/python3.10/dist-packages/controller-0.0.0-py3.10.egg-info
-- Installing: /home/raurus/Documents/Magang_Banyu/ros2/install/controller/local/lib/python3.10/dist-packages/controller-0.0.0-py3.10.egg-info/dependency_links.txt
-- Installing: /home/raurus/Documents/Magang_Banyu/ros2/install/controller/local/lib/python3.10/dist-packages/controller-0.0.0-py3.10.egg-info/PKG-INFO
-- Installing: /home/raurus/Documents/Magang_Banyu/ros2/install/controller/local/lib/python3.10/dist-packages/controller-0.0.0-py3.10.egg-info/SOURCES.txt
-- Installing: /home/raurus/Documents/Magang_Banyu/ros2/install/controller/local/lib/python3.10/dist-packages/controller-0.0.0-py3.10.egg-info/top_level.txt
-- Up-to-date: /home/raurus/Documents/Magang_Banyu/ros2/install/controller/local/lib/python3.10/dist-packages/controller
-- Up-to-date: /home/raurus/Documents/Magang_Banyu/ros2/install/controller/local/lib/python3.10/dist-packages/controller/controller_s__rosidl_typesupport_c.cpython-310-aarch64-linux-gnu.so
-- Up-to-date: /home/raurus/Documents/Magang_Banyu/ros2/install/controller/local/lib/python3.10/dist-packages/controller/_controller_s.ep.rosidl_typesupport_introspection_c.c
-- Up-to-date: /home/raurus/Documents/Magang_Banyu/ros2/install/controller/local/lib/python3.10/dist-packages/controller/controller_s__rosidl_typesupport_introspection_c.cpython-310-aarch64-linux-gnu.so
-- Up-to-date: /home/raurus/Documents/Magang_Banyu/ros2/install/controller/local/lib/python3.10/dist-packages/controller/_controller_s.ep.rosidl_typesupport_fastrtps_c.c
-- Up-to-date: /home/raurus/Documents/Magang_Banyu/ros2/install/controller/local/lib/python3.10/dist-packages/controller/_controller_s.ep.rosidl_typesupport_c.c
-- Up-to-date: /home/raurus/Documents/Magang_Banyu/ros2/install/controller/local/lib/python3.10/dist-packages/controller/msg
-- Up-to-date: /home/raurus/Documents/Magang_Banyu/ros2/install/controller/local/lib/python3.10/dist-packages/controller/msg/_motion.py
-- Up-to-date: /home/raurus/Documents/Magang_Banyu/ros2/install/controller/local/lib/python3.10/dist-packages/controller/msg/_motion_s.c
-- Up-to-date: /home/raurus/Documents/Magang_Banyu/ros2/install/controller/local/lib/python3.10/dist-packages/controller/msg/__init__.py
-- Up-to-date: /home/raurus/Documents/Magang_Banyu/ros2/install/controller/local/lib/python3.10/dist-packages/controller/libcontroller__rosidl_generator_py.so
-- Up-to-date: /home/raurus/Documents/Magang_Banyu/ros2/install/controller/local/lib/python3.10/dist-packages/controller/controller_s__rosidl_typesupport_fastrtps_c.cpython-310-aarch64-linux-gnu.so
-- Up-to-date: /home/raurus/Documents/Magang_Banyu/ros2/install/controller/local/lib/python3.10/dist-packages/controller/__init__.py
Listing '/home/raurus/Documents/Magang_Banyu/ros2/install/controller/local/lib/python3.10/dist-packages/controller'...
Listing '/home/raurus/Documents/Magang_Banyu/ros2/install/controller/local/lib/python3.10/dist-packages/controller/msg'...
-- Up-to-date: /home/raurus/Documents/Magang_Banyu/ros2/install/controller/local/lib/python3.10/dist-packages/controller/controller_s__rosidl_typesupport_fastrtps_c.cpython-310-aarch64-linux-gnu.so
-- Up-to-date: /home/raurus/Documents/Magang_Banyu/ros2/install/controller/local/lib/python3.10/dist-packages/controller/controller_s__rosidl_typesupport_introspection_c.cpython-310-aarch64-linux-gnu.so
-- Up-to-date: /home/raurus/Documents/Magang_Banyu/ros2/install/controller/local/lib/python3.10/dist-packages/controller/controller_s__rosidl_typesupport_c.cpython-310-aarch64-linux-gnu.so
-- Up-to-date: /home/raurus/Documents/Magang_Banyu/ros2/install/controller/lib/libcontroller__rosidl_generator_py.so
-- Up-to-date: /home/raurus/Documents/Magang_Banyu/ros2/install/controller/share/controller/msg/Motion.idl
-- Up-to-date: /home/raurus/Documents/Magang_Banyu/ros2/install/controller/share/controller/msg/Motion.msg
-- Up-to-date: /home/raurus/Documents/Magang_Banyu/ros2/install/controller/lib/controller/pub_controller
-- Up-to-date: /home/raurus/Documents/Magang_Banyu/ros2/install/controller/share/ament_index/resource_index/package_run_dependencies/controller
-- Up-to-date: /home/raurus/Documents/Magang_Banyu/ros2/install/controller/share/ament_index/resource_index/parent_prefix_path/controller
-- Up-to-date: /home/raurus/Documents/Magang_Banyu/ros2/install/controller/share/controller/environment/ament_prefix_path.sh
-- Up-to-date: /home/raurus/Documents/Magang_Banyu/ros2/install/controller/share/controller/environment/ament_prefix_path.dsv
-- Up-to-date: /home/raurus/Documents/Magang_Banyu/ros2/install/controller/share/controller/environment/path.sh
-- Up-to-date: /home/raurus/Documents/Magang_Banyu/ros2/install/controller/share/controller/environment/path.dsv
-- Up-to-date: /home/raurus/Documents/Magang_Banyu/ros2/install/controller/share/controller/local_setup.bash
-- Up-to-date: /home/raurus/Documents/Magang_Banyu/ros2/install/controller/share/controller/local_setup.sh
-- Up-to-date: /home/raurus/Documents/Magang_Banyu/ros2/install/controller/share/controller/local_setup.zsh
-- Up-to-date: /home/raurus/Documents/Magang_Banyu/ros2/install/controller/share/controller/local_setup.dsv
-- Installing: /home/raurus/Documents/Magang_Banyu/ros2/install/controller/share/controller/package.dsv
-- Up-to-date: /home/raurus/Documents/Magang_Banyu/ros2/install/controller/share/ament_index/resource_index/packages/controller
-- Up-to-date: /home/raurus/Documents/Magang_Banyu/ros2/install/controller/share/controller/cmake/export_controller__rosidl_generator_cExport.cmake
-- Up-to-date: /home/raurus/Documents/Magang_Banyu/ros2/install/controller/share/controller/cmake/export_controller__rosidl_generator_cExport-noconfig.cmake
-- Up-to-date: /home/raurus/Documents/Magang_Banyu/ros2/install/controller/share/controller/cmake/export_controller__rosidl_typesupport_fastrtps_cExport.cmake
-- Up-to-date: /home/raurus/Documents/Magang_Banyu/ros2/install/controller/share/controller/cmake/export_controller__rosidl_typesupport_fastrtps_cExport-noconfig.cmake
-- Up-to-date: /home/raurus/Documents/Magang_Banyu/ros2/install/controller/share/controller/cmake/export_controller__rosidl_generator_cppExport.cmake
-- Up-to-date: /home/raurus/Documents/Magang_Banyu/ros2/install/controller/share/controller/cmake/export_controller__rosidl_typesupport_fastrtps_cppExport.cmake
-- Up-to-date: /home/raurus/Documents/Magang_Banyu/ros2/install/controller/share/controller/cmake/export_controller__rosidl_typesupport_fastrtps_cppExport-noconfig.cmake
-- Up-to-date: /home/raurus/Documents/Magang_Banyu/ros2/install/controller/share/controller/cmake/controller__rosidl_typesupport_introspection_cExport.cmake
-- Up-to-date: /home/raurus/Documents/Magang_Banyu/ros2/install/controller/share/controller/cmake/controller__rosidl_typesupport_introspection_cExport-noconfig.cmake
-- Up-to-date: /home/raurus/Documents/Magang_Banyu/ros2/install/controller/share/controller/cmake/controller__rosidl_typesupport_cExport.cmake
-- Up-to-date: /home/raurus/Documents/Magang_Banyu/ros2/install/controller/share/controller/cmake/controller__rosidl_typesupport_cExport-noconfig.cmake
-- Up-to-date: /home/raurus/Documents/Magang_Banyu/ros2/install/controller/share/controller/cmake/controller__rosidl_typesupport_introspection_cppExport.cmake
-- Up-to-date: /home/raurus/Documents/Magang_Banyu/ros2/install/controller/share/controller/cmake/controller__rosidl_typesupport_introspection_cppExport-noconfig.cmake
-- Up-to-date: /home/raurus/Documents/Magang_Banyu/ros2/install/controller/share/controller/cmake/controller__rosidl_typesupport_cppExport.cmake
-- Up-to-date: /home/raurus/Documents/Magang_Banyu/ros2/install/controller/share/controller/cmake/controller__rosidl_typesupport_cppExport-noconfig.cmake
-- Up-to-date: /home/raurus/Documents/Magang_Banyu/ros2/install/controller/share/controller/cmake/export_controller__rosidl_generator_pyExport.cmake
-- Up-to-date: /home/raurus/Documents/Magang_Banyu/ros2/install/controller/share/controller/cmake/export_controller__rosidl_generator_pyExport-noconfig.cmake
-- Up-to-date: /home/raurus/Documents/Magang_Banyu/ros2/install/controller/share/controller/cmake/rosidl_cmake-extras.cmake
-- Up-to-date: /home/raurus/Documents/Magang_Banyu/ros2/install/controller/share/controller/cmake/ament_cmake_export_include_directories-extras.cmake
-- Up-to-date: /home/raurus/Documents/Magang_Banyu/ros2/install/controller/share/controller/cmake/ament_cmake_export_libraries-extras.cmake
-- Up-to-date: /home/raurus/Documents/Magang_Banyu/ros2/install/controller/share/controller/cmake/ament_cmake_export_targets-extras.cmake
-- Up-to-date: /home/raurus/Documents/Magang_Banyu/ros2/install/controller/share/controller/cmake/rosidl_cmake_export_typesupport_targets-extras.cmake
-- Up-to-date: /home/raurus/Documents/Magang_Banyu/ros2/install/controller/share/controller/cmake/ament_cmake_export_dependencies-extras.cmake
-- Up-to-date: /home/raurus/Documents/Magang_Banyu/ros2/install/controller/share/controller/cmake/rosidl_cmake_export_typesupport_libraries-extras.cmake
-- Up-to-date: /home/raurus/Documents/Magang_Banyu/ros2/install/controller/share/controller/cmake/controllerConfig.cmake
-- Up-to-date: /home/raurus/Documents/Magang_Banyu/ros2/install/controller/share/controller/cmake/controllerConfig-version.cmake
-- Up-to-date: /home/raurus/Documents/Magang_Banyu/ros2/install/controller/share/controller/package.xml
