-- Found ament_cmake: 1.3.7 (/opt/ros/humble/share/ament_cmake/cmake)
-- Found ament_lint_auto: 0.12.10 (/opt/ros/humble/share/ament_lint_auto/cmake)
-- Found rclcpp: 16.0.8 (/opt/ros/humble/share/rclcpp/cmake)
-- Found rosidl_generator_c: 3.1.5 (/opt/ros/humble/share/rosidl_generator_c/cmake)
-- Found rosidl_adapter: 3.1.5 (/opt/ros/humble/share/rosidl_adapter/cmake)
-- Found rosidl_generator_cpp: 3.1.5 (/opt/ros/humble/share/rosidl_generator_cpp/cmake)
-- Using all available rosidl_typesupport_c: rosidl_typesupport_fastrtps_c;rosidl_typesupport_introspection_c
-- Using all available rosidl_typesupport_cpp: rosidl_typesupport_fastrtps_cpp;rosidl_typesupport_introspection_cpp
-- Found rmw_implementation_cmake: 6.1.1 (/opt/ros/humble/share/rmw_implementation_cmake/cmake)
-- Found rmw_fastrtps_cpp: 6.2.6 (/opt/ros/humble/share/rmw_fastrtps_cpp/cmake)
-- Using RMW implementation 'rmw_fastrtps_cpp' as default
-- Found rosidl_default_generators: 1.2.0 (/opt/ros/humble/share/rosidl_default_generators/cmake)
-- Found ament_cmake_ros: 0.10.0 (/opt/ros/humble/share/ament_cmake_ros/cmake)
-- Using all available rosidl_typesupport_c: rosidl_typesupport_fastrtps_c;rosidl_typesupport_introspection_c
-- Using all available rosidl_typesupport_cpp: rosidl_typesupport_fastrtps_cpp;rosidl_typesupport_introspection_cpp
-- Found python_cmake_module: 0.10.0 (/opt/ros/humble/share/python_cmake_module/cmake)
-- Using PYTHON_EXECUTABLE: /usr/bin/python3
-- Using PYTHON_INCLUDE_DIRS: /usr/include/python3.10
-- Using PYTHON_LIBRARIES: /usr/lib/aarch64-linux-gnu/libpython3.10.so
-- Added test 'cppcheck' to perform static code analysis on C / C++ code
-- Configured cppcheck include dirs: 
-- Configured cppcheck exclude dirs and/or files: 
-- Added test 'lint_cmake' to check CMake code style
-- Added test 'uncrustify' to check C / C++ code style
-- Configured uncrustify additional arguments: 
-- Added test 'xmllint' to check XML markup files
-- Configuring done
-- Generating done
-- Build files have been written to: /home/raurus/Documents/Magang_Banyu/ros2/build/opencv
[  3%] [34m[1mGenerating C code for ROS interfaces[0m
[  6%] [34m[1mGenerating C++ code for ROS interfaces[0m
[  6%] Built target ament_cmake_python_copy_opencv
running egg_info
creating opencv.egg-info
writing opencv.egg-info/PKG-INFO
writing dependency_links to opencv.egg-info/dependency_links.txt
writing top-level names to opencv.egg-info/top_level.txt
writing manifest file 'opencv.egg-info/SOURCES.txt'
reading manifest file 'opencv.egg-info/SOURCES.txt'
writing manifest file 'opencv.egg-info/SOURCES.txt'
[  6%] Built target opencv__cpp
[  9%] [34m[1mGenerating C++ type support dispatch for ROS interfaces[0m
[ 12%] [34m[1mGenerating C++ type support for eProsima Fast-RTPS[0m
[ 15%] [32mBuilding C object CMakeFiles/opencv__rosidl_generator_c.dir/rosidl_generator_c/opencv/msg/detail/detection__functions.c.o[0m
[ 15%] Built target ament_cmake_python_build_opencv_egg
[ 18%] [34m[1mGenerating C++ introspection for ROS interfaces[0m
[ 21%] [32m[1mLinking C shared library libopencv__rosidl_generator_c.so[0m
[ 24%] [32mBuilding CXX object CMakeFiles/opencv__rosidl_typesupport_cpp.dir/rosidl_typesupport_cpp/opencv/msg/detection__type_support.cpp.o[0m
[ 24%] Built target opencv__rosidl_generator_c
[ 27%] [32mBuilding CXX object CMakeFiles/opencv__rosidl_typesupport_fastrtps_cpp.dir/rosidl_typesupport_fastrtps_cpp/opencv/msg/detail/dds_fastrtps/detection__type_support.cpp.o[0m
[ 30%] [34m[1mGenerating C type support for eProsima Fast-RTPS[0m
[ 33%] [32mBuilding CXX object CMakeFiles/opencv__rosidl_typesupport_introspection_cpp.dir/rosidl_typesupport_introspection_cpp/opencv/msg/detail/detection__type_support.cpp.o[0m
[ 36%] [32m[1mLinking CXX shared library libopencv__rosidl_typesupport_cpp.so[0m
[ 39%] [32mBuilding CXX object CMakeFiles/opencv__rosidl_typesupport_fastrtps_c.dir/rosidl_typesupport_fastrtps_c/opencv/msg/detail/detection__type_support_c.cpp.o[0m
[ 39%] Built target opencv__rosidl_typesupport_cpp
[ 42%] [34m[1mGenerating C introspection for ROS interfaces[0m
[ 45%] [32m[1mLinking CXX shared library libopencv__rosidl_typesupport_fastrtps_cpp.so[0m
[ 48%] [32mBuilding C object CMakeFiles/opencv__rosidl_typesupport_introspection_c.dir/rosidl_typesupport_introspection_c/opencv/msg/detail/detection__type_support.c.o[0m
[ 51%] [32m[1mLinking CXX shared library libopencv__rosidl_typesupport_introspection_cpp.so[0m
[ 54%] [32m[1mLinking CXX shared library libopencv__rosidl_typesupport_fastrtps_c.so[0m
[ 57%] [32m[1mLinking C shared library libopencv__rosidl_typesupport_introspection_c.so[0m
[ 57%] Built target opencv__rosidl_typesupport_introspection_c
[ 57%] Built target opencv__rosidl_typesupport_fastrtps_cpp
[ 57%] Built target opencv__rosidl_typesupport_introspection_cpp
[ 60%] [34m[1mGenerating C type support dispatch for ROS interfaces[0m
[ 60%] Built target opencv__rosidl_typesupport_fastrtps_c
[ 63%] [32mBuilding CXX object CMakeFiles/opencv_detection.dir/src/opencv_detection_function.cpp.o[0m
[ 66%] [32mBuilding CXX object CMakeFiles/opencv__rosidl_typesupport_c.dir/rosidl_typesupport_c/opencv/msg/detection__type_support.cpp.o[0m
[ 69%] [32m[1mLinking CXX shared library libopencv__rosidl_typesupport_c.so[0m
[ 69%] Built target opencv__rosidl_typesupport_c
[ 69%] Built target opencv
[ 72%] [34m[1mGenerating Python code for ROS interfaces[0m
[ 72%] Built target opencv__py
[ 75%] [32mBuilding C object CMakeFiles/opencv__rosidl_generator_py.dir/rosidl_generator_py/opencv/msg/_detection_s.c.o[0m
[ 78%] [32m[1mLinking C shared library rosidl_generator_py/opencv/libopencv__rosidl_generator_py.so[0m
[ 78%] Built target opencv__rosidl_generator_py
[ 84%] [32mBuilding C object CMakeFiles/opencv__rosidl_typesupport_fastrtps_c__pyext.dir/rosidl_generator_py/opencv/_opencv_s.ep.rosidl_typesupport_fastrtps_c.c.o[0m
[ 84%] [32mBuilding C object CMakeFiles/opencv__rosidl_typesupport_introspection_c__pyext.dir/rosidl_generator_py/opencv/_opencv_s.ep.rosidl_typesupport_introspection_c.c.o[0m
[ 87%] [32mBuilding C object CMakeFiles/opencv__rosidl_typesupport_c__pyext.dir/rosidl_generator_py/opencv/_opencv_s.ep.rosidl_typesupport_c.c.o[0m
[ 90%] [32m[1mLinking C shared library rosidl_generator_py/opencv/opencv_s__rosidl_typesupport_fastrtps_c.cpython-310-aarch64-linux-gnu.so[0m
[ 93%] [32m[1mLinking C shared library rosidl_generator_py/opencv/opencv_s__rosidl_typesupport_introspection_c.cpython-310-aarch64-linux-gnu.so[0m
[ 93%] Built target opencv__rosidl_typesupport_fastrtps_c__pyext
[ 96%] [32m[1mLinking C shared library rosidl_generator_py/opencv/opencv_s__rosidl_typesupport_c.cpython-310-aarch64-linux-gnu.so[0m
[ 96%] Built target opencv__rosidl_typesupport_introspection_c__pyext
[ 96%] Built target opencv__rosidl_typesupport_c__pyext
[100%] [32m[1mLinking CXX executable opencv_detection[0m
[100%] Built target opencv_detection
-- Install configuration: ""
-- Installing: /home/raurus/Documents/Magang_Banyu/ros2/install/opencv/share/ament_index/resource_index/rosidl_interfaces/opencv
-- Installing: /home/raurus/Documents/Magang_Banyu/ros2/install/opencv/include/opencv/opencv
-- Installing: /home/raurus/Documents/Magang_Banyu/ros2/install/opencv/include/opencv/opencv/msg
-- Installing: /home/raurus/Documents/Magang_Banyu/ros2/install/opencv/include/opencv/opencv/msg/rosidl_generator_c__visibility_control.h
-- Installing: /home/raurus/Documents/Magang_Banyu/ros2/install/opencv/include/opencv/opencv/msg/detection.h
-- Installing: /home/raurus/Documents/Magang_Banyu/ros2/install/opencv/include/opencv/opencv/msg/detail
-- Installing: /home/raurus/Documents/Magang_Banyu/ros2/install/opencv/include/opencv/opencv/msg/detail/detection__functions.c
-- Installing: /home/raurus/Documents/Magang_Banyu/ros2/install/opencv/include/opencv/opencv/msg/detail/detection__functions.h
-- Installing: /home/raurus/Documents/Magang_Banyu/ros2/install/opencv/include/opencv/opencv/msg/detail/detection__type_support.h
-- Installing: /home/raurus/Documents/Magang_Banyu/ros2/install/opencv/include/opencv/opencv/msg/detail/detection__struct.h
-- Installing: /home/raurus/Documents/Magang_Banyu/ros2/install/opencv/share/opencv/environment/library_path.sh
-- Installing: /home/raurus/Documents/Magang_Banyu/ros2/install/opencv/share/opencv/environment/library_path.dsv
-- Installing: /home/raurus/Documents/Magang_Banyu/ros2/install/opencv/lib/libopencv__rosidl_generator_c.so
-- Set runtime path of "/home/raurus/Documents/Magang_Banyu/ros2/install/opencv/lib/libopencv__rosidl_generator_c.so" to ""
-- Up-to-date: /home/raurus/Documents/Magang_Banyu/ros2/install/opencv/include/opencv/opencv
-- Up-to-date: /home/raurus/Documents/Magang_Banyu/ros2/install/opencv/include/opencv/opencv/msg
-- Up-to-date: /home/raurus/Documents/Magang_Banyu/ros2/install/opencv/include/opencv/opencv/msg/detail
-- Installing: /home/raurus/Documents/Magang_Banyu/ros2/install/opencv/include/opencv/opencv/msg/detail/detection__rosidl_typesupport_fastrtps_c.h
-- Installing: /home/raurus/Documents/Magang_Banyu/ros2/install/opencv/include/opencv/opencv/msg/rosidl_typesupport_fastrtps_c__visibility_control.h
-- Installing: /home/raurus/Documents/Magang_Banyu/ros2/install/opencv/lib/libopencv__rosidl_typesupport_fastrtps_c.so
-- Set runtime path of "/home/raurus/Documents/Magang_Banyu/ros2/install/opencv/lib/libopencv__rosidl_typesupport_fastrtps_c.so" to ""
-- Up-to-date: /home/raurus/Documents/Magang_Banyu/ros2/install/opencv/include/opencv/opencv
-- Up-to-date: /home/raurus/Documents/Magang_Banyu/ros2/install/opencv/include/opencv/opencv/msg
-- Up-to-date: /home/raurus/Documents/Magang_Banyu/ros2/install/opencv/include/opencv/opencv/msg/detail
-- Installing: /home/raurus/Documents/Magang_Banyu/ros2/install/opencv/include/opencv/opencv/msg/detail/detection__builder.hpp
-- Installing: /home/raurus/Documents/Magang_Banyu/ros2/install/opencv/include/opencv/opencv/msg/detail/detection__struct.hpp
-- Installing: /home/raurus/Documents/Magang_Banyu/ros2/install/opencv/include/opencv/opencv/msg/detail/detection__traits.hpp
-- Installing: /home/raurus/Documents/Magang_Banyu/ros2/install/opencv/include/opencv/opencv/msg/detection.hpp
-- Up-to-date: /home/raurus/Documents/Magang_Banyu/ros2/install/opencv/include/opencv/opencv
-- Up-to-date: /home/raurus/Documents/Magang_Banyu/ros2/install/opencv/include/opencv/opencv/msg
-- Installing: /home/raurus/Documents/Magang_Banyu/ros2/install/opencv/include/opencv/opencv/msg/rosidl_typesupport_fastrtps_cpp__visibility_control.h
-- Up-to-date: /home/raurus/Documents/Magang_Banyu/ros2/install/opencv/include/opencv/opencv/msg/detail
-- Installing: /home/raurus/Documents/Magang_Banyu/ros2/install/opencv/include/opencv/opencv/msg/detail/dds_fastrtps
-- Installing: /home/raurus/Documents/Magang_Banyu/ros2/install/opencv/include/opencv/opencv/msg/detail/detection__rosidl_typesupport_fastrtps_cpp.hpp
-- Installing: /home/raurus/Documents/Magang_Banyu/ros2/install/opencv/lib/libopencv__rosidl_typesupport_fastrtps_cpp.so
-- Set runtime path of "/home/raurus/Documents/Magang_Banyu/ros2/install/opencv/lib/libopencv__rosidl_typesupport_fastrtps_cpp.so" to ""
-- Up-to-date: /home/raurus/Documents/Magang_Banyu/ros2/install/opencv/include/opencv/opencv
-- Up-to-date: /home/raurus/Documents/Magang_Banyu/ros2/install/opencv/include/opencv/opencv/msg
-- Up-to-date: /home/raurus/Documents/Magang_Banyu/ros2/install/opencv/include/opencv/opencv/msg/detail
-- Installing: /home/raurus/Documents/Magang_Banyu/ros2/install/opencv/include/opencv/opencv/msg/detail/detection__type_support.c
-- Installing: /home/raurus/Documents/Magang_Banyu/ros2/install/opencv/include/opencv/opencv/msg/detail/detection__rosidl_typesupport_introspection_c.h
-- Installing: /home/raurus/Documents/Magang_Banyu/ros2/install/opencv/include/opencv/opencv/msg/rosidl_typesupport_introspection_c__visibility_control.h
-- Installing: /home/raurus/Documents/Magang_Banyu/ros2/install/opencv/lib/libopencv__rosidl_typesupport_introspection_c.so
-- Set runtime path of "/home/raurus/Documents/Magang_Banyu/ros2/install/opencv/lib/libopencv__rosidl_typesupport_introspection_c.so" to ""
-- Installing: /home/raurus/Documents/Magang_Banyu/ros2/install/opencv/lib/libopencv__rosidl_typesupport_c.so
-- Set runtime path of "/home/raurus/Documents/Magang_Banyu/ros2/install/opencv/lib/libopencv__rosidl_typesupport_c.so" to ""
-- Up-to-date: /home/raurus/Documents/Magang_Banyu/ros2/install/opencv/include/opencv/opencv
-- Up-to-date: /home/raurus/Documents/Magang_Banyu/ros2/install/opencv/include/opencv/opencv/msg
-- Up-to-date: /home/raurus/Documents/Magang_Banyu/ros2/install/opencv/include/opencv/opencv/msg/detail
-- Installing: /home/raurus/Documents/Magang_Banyu/ros2/install/opencv/include/opencv/opencv/msg/detail/detection__rosidl_typesupport_introspection_cpp.hpp
-- Installing: /home/raurus/Documents/Magang_Banyu/ros2/install/opencv/include/opencv/opencv/msg/detail/detection__type_support.cpp
-- Installing: /home/raurus/Documents/Magang_Banyu/ros2/install/opencv/lib/libopencv__rosidl_typesupport_introspection_cpp.so
-- Set runtime path of "/home/raurus/Documents/Magang_Banyu/ros2/install/opencv/lib/libopencv__rosidl_typesupport_introspection_cpp.so" to ""
-- Installing: /home/raurus/Documents/Magang_Banyu/ros2/install/opencv/lib/libopencv__rosidl_typesupport_cpp.so
-- Set runtime path of "/home/raurus/Documents/Magang_Banyu/ros2/install/opencv/lib/libopencv__rosidl_typesupport_cpp.so" to ""
-- Installing: /home/raurus/Documents/Magang_Banyu/ros2/install/opencv/share/opencv/environment/pythonpath.sh
-- Installing: /home/raurus/Documents/Magang_Banyu/ros2/install/opencv/share/opencv/environment/pythonpath.dsv
-- Installing: /home/raurus/Documents/Magang_Banyu/ros2/install/opencv/local/lib/python3.10/dist-packages/opencv-0.0.0-py3.10.egg-info
-- Installing: /home/raurus/Documents/Magang_Banyu/ros2/install/opencv/local/lib/python3.10/dist-packages/opencv-0.0.0-py3.10.egg-info/dependency_links.txt
-- Installing: /home/raurus/Documents/Magang_Banyu/ros2/install/opencv/local/lib/python3.10/dist-packages/opencv-0.0.0-py3.10.egg-info/PKG-INFO
-- Installing: /home/raurus/Documents/Magang_Banyu/ros2/install/opencv/local/lib/python3.10/dist-packages/opencv-0.0.0-py3.10.egg-info/SOURCES.txt
-- Installing: /home/raurus/Documents/Magang_Banyu/ros2/install/opencv/local/lib/python3.10/dist-packages/opencv-0.0.0-py3.10.egg-info/top_level.txt
-- Installing: /home/raurus/Documents/Magang_Banyu/ros2/install/opencv/local/lib/python3.10/dist-packages/opencv
-- Installing: /home/raurus/Documents/Magang_Banyu/ros2/install/opencv/local/lib/python3.10/dist-packages/opencv/_opencv_s.ep.rosidl_typesupport_fastrtps_c.c
-- Installing: /home/raurus/Documents/Magang_Banyu/ros2/install/opencv/local/lib/python3.10/dist-packages/opencv/_opencv_s.ep.rosidl_typesupport_introspection_c.c
-- Installing: /home/raurus/Documents/Magang_Banyu/ros2/install/opencv/local/lib/python3.10/dist-packages/opencv/libopencv__rosidl_generator_py.so
-- Installing: /home/raurus/Documents/Magang_Banyu/ros2/install/opencv/local/lib/python3.10/dist-packages/opencv/opencv_s__rosidl_typesupport_fastrtps_c.cpython-310-aarch64-linux-gnu.so
-- Installing: /home/raurus/Documents/Magang_Banyu/ros2/install/opencv/local/lib/python3.10/dist-packages/opencv/opencv_s__rosidl_typesupport_introspection_c.cpython-310-aarch64-linux-gnu.so
-- Installing: /home/raurus/Documents/Magang_Banyu/ros2/install/opencv/local/lib/python3.10/dist-packages/opencv/_opencv_s.ep.rosidl_typesupport_c.c
-- Installing: /home/raurus/Documents/Magang_Banyu/ros2/install/opencv/local/lib/python3.10/dist-packages/opencv/opencv_s__rosidl_typesupport_c.cpython-310-aarch64-linux-gnu.so
-- Installing: /home/raurus/Documents/Magang_Banyu/ros2/install/opencv/local/lib/python3.10/dist-packages/opencv/msg
-- Installing: /home/raurus/Documents/Magang_Banyu/ros2/install/opencv/local/lib/python3.10/dist-packages/opencv/msg/_detection.py
-- Installing: /home/raurus/Documents/Magang_Banyu/ros2/install/opencv/local/lib/python3.10/dist-packages/opencv/msg/_detection_s.c
-- Installing: /home/raurus/Documents/Magang_Banyu/ros2/install/opencv/local/lib/python3.10/dist-packages/opencv/msg/__init__.py
-- Installing: /home/raurus/Documents/Magang_Banyu/ros2/install/opencv/local/lib/python3.10/dist-packages/opencv/__init__.py
Listing '/home/raurus/Documents/Magang_Banyu/ros2/install/opencv/local/lib/python3.10/dist-packages/opencv'...
Compiling '/home/raurus/Documents/Magang_Banyu/ros2/install/opencv/local/lib/python3.10/dist-packages/opencv/__init__.py'...
Listing '/home/raurus/Documents/Magang_Banyu/ros2/install/opencv/local/lib/python3.10/dist-packages/opencv/msg'...
Compiling '/home/raurus/Documents/Magang_Banyu/ros2/install/opencv/local/lib/python3.10/dist-packages/opencv/msg/__init__.py'...
Compiling '/home/raurus/Documents/Magang_Banyu/ros2/install/opencv/local/lib/python3.10/dist-packages/opencv/msg/_detection.py'...
-- Installing: /home/raurus/Documents/Magang_Banyu/ros2/install/opencv/local/lib/python3.10/dist-packages/opencv/opencv_s__rosidl_typesupport_fastrtps_c.cpython-310-aarch64-linux-gnu.so
-- Set runtime path of "/home/raurus/Documents/Magang_Banyu/ros2/install/opencv/local/lib/python3.10/dist-packages/opencv/opencv_s__rosidl_typesupport_fastrtps_c.cpython-310-aarch64-linux-gnu.so" to ""
-- Installing: /home/raurus/Documents/Magang_Banyu/ros2/install/opencv/local/lib/python3.10/dist-packages/opencv/opencv_s__rosidl_typesupport_introspection_c.cpython-310-aarch64-linux-gnu.so
-- Set runtime path of "/home/raurus/Documents/Magang_Banyu/ros2/install/opencv/local/lib/python3.10/dist-packages/opencv/opencv_s__rosidl_typesupport_introspection_c.cpython-310-aarch64-linux-gnu.so" to ""
-- Installing: /home/raurus/Documents/Magang_Banyu/ros2/install/opencv/local/lib/python3.10/dist-packages/opencv/opencv_s__rosidl_typesupport_c.cpython-310-aarch64-linux-gnu.so
-- Set runtime path of "/home/raurus/Documents/Magang_Banyu/ros2/install/opencv/local/lib/python3.10/dist-packages/opencv/opencv_s__rosidl_typesupport_c.cpython-310-aarch64-linux-gnu.so" to ""
-- Installing: /home/raurus/Documents/Magang_Banyu/ros2/install/opencv/lib/libopencv__rosidl_generator_py.so
-- Set runtime path of "/home/raurus/Documents/Magang_Banyu/ros2/install/opencv/lib/libopencv__rosidl_generator_py.so" to ""
-- Installing: /home/raurus/Documents/Magang_Banyu/ros2/install/opencv/share/opencv/msg/Detection.idl
-- Installing: /home/raurus/Documents/Magang_Banyu/ros2/install/opencv/share/opencv/msg/Detection.msg
-- Installing: /home/raurus/Documents/Magang_Banyu/ros2/install/opencv/lib/opencv/opencv_detection
-- Set runtime path of "/home/raurus/Documents/Magang_Banyu/ros2/install/opencv/lib/opencv/opencv_detection" to ""
-- Installing: /home/raurus/Documents/Magang_Banyu/ros2/install/opencv/share/ament_index/resource_index/package_run_dependencies/opencv
-- Installing: /home/raurus/Documents/Magang_Banyu/ros2/install/opencv/share/ament_index/resource_index/parent_prefix_path/opencv
-- Installing: /home/raurus/Documents/Magang_Banyu/ros2/install/opencv/share/opencv/environment/ament_prefix_path.sh
-- Installing: /home/raurus/Documents/Magang_Banyu/ros2/install/opencv/share/opencv/environment/ament_prefix_path.dsv
-- Installing: /home/raurus/Documents/Magang_Banyu/ros2/install/opencv/share/opencv/environment/path.sh
-- Installing: /home/raurus/Documents/Magang_Banyu/ros2/install/opencv/share/opencv/environment/path.dsv
-- Installing: /home/raurus/Documents/Magang_Banyu/ros2/install/opencv/share/opencv/local_setup.bash
-- Installing: /home/raurus/Documents/Magang_Banyu/ros2/install/opencv/share/opencv/local_setup.sh
-- Installing: /home/raurus/Documents/Magang_Banyu/ros2/install/opencv/share/opencv/local_setup.zsh
-- Installing: /home/raurus/Documents/Magang_Banyu/ros2/install/opencv/share/opencv/local_setup.dsv
-- Installing: /home/raurus/Documents/Magang_Banyu/ros2/install/opencv/share/opencv/package.dsv
-- Installing: /home/raurus/Documents/Magang_Banyu/ros2/install/opencv/share/ament_index/resource_index/packages/opencv
-- Installing: /home/raurus/Documents/Magang_Banyu/ros2/install/opencv/share/opencv/cmake/export_opencv__rosidl_generator_cExport.cmake
-- Installing: /home/raurus/Documents/Magang_Banyu/ros2/install/opencv/share/opencv/cmake/export_opencv__rosidl_generator_cExport-noconfig.cmake
-- Installing: /home/raurus/Documents/Magang_Banyu/ros2/install/opencv/share/opencv/cmake/export_opencv__rosidl_typesupport_fastrtps_cExport.cmake
-- Installing: /home/raurus/Documents/Magang_Banyu/ros2/install/opencv/share/opencv/cmake/export_opencv__rosidl_typesupport_fastrtps_cExport-noconfig.cmake
-- Installing: /home/raurus/Documents/Magang_Banyu/ros2/install/opencv/share/opencv/cmake/export_opencv__rosidl_generator_cppExport.cmake
-- Installing: /home/raurus/Documents/Magang_Banyu/ros2/install/opencv/share/opencv/cmake/export_opencv__rosidl_typesupport_fastrtps_cppExport.cmake
-- Installing: /home/raurus/Documents/Magang_Banyu/ros2/install/opencv/share/opencv/cmake/export_opencv__rosidl_typesupport_fastrtps_cppExport-noconfig.cmake
-- Installing: /home/raurus/Documents/Magang_Banyu/ros2/install/opencv/share/opencv/cmake/opencv__rosidl_typesupport_introspection_cExport.cmake
-- Installing: /home/raurus/Documents/Magang_Banyu/ros2/install/opencv/share/opencv/cmake/opencv__rosidl_typesupport_introspection_cExport-noconfig.cmake
-- Installing: /home/raurus/Documents/Magang_Banyu/ros2/install/opencv/share/opencv/cmake/opencv__rosidl_typesupport_cExport.cmake
-- Installing: /home/raurus/Documents/Magang_Banyu/ros2/install/opencv/share/opencv/cmake/opencv__rosidl_typesupport_cExport-noconfig.cmake
-- Installing: /home/raurus/Documents/Magang_Banyu/ros2/install/opencv/share/opencv/cmake/opencv__rosidl_typesupport_introspection_cppExport.cmake
-- Installing: /home/raurus/Documents/Magang_Banyu/ros2/install/opencv/share/opencv/cmake/opencv__rosidl_typesupport_introspection_cppExport-noconfig.cmake
-- Installing: /home/raurus/Documents/Magang_Banyu/ros2/install/opencv/share/opencv/cmake/opencv__rosidl_typesupport_cppExport.cmake
-- Installing: /home/raurus/Documents/Magang_Banyu/ros2/install/opencv/share/opencv/cmake/opencv__rosidl_typesupport_cppExport-noconfig.cmake
-- Installing: /home/raurus/Documents/Magang_Banyu/ros2/install/opencv/share/opencv/cmake/export_opencv__rosidl_generator_pyExport.cmake
-- Installing: /home/raurus/Documents/Magang_Banyu/ros2/install/opencv/share/opencv/cmake/export_opencv__rosidl_generator_pyExport-noconfig.cmake
-- Installing: /home/raurus/Documents/Magang_Banyu/ros2/install/opencv/share/opencv/cmake/rosidl_cmake-extras.cmake
-- Installing: /home/raurus/Documents/Magang_Banyu/ros2/install/opencv/share/opencv/cmake/ament_cmake_export_include_directories-extras.cmake
-- Installing: /home/raurus/Documents/Magang_Banyu/ros2/install/opencv/share/opencv/cmake/ament_cmake_export_libraries-extras.cmake
-- Installing: /home/raurus/Documents/Magang_Banyu/ros2/install/opencv/share/opencv/cmake/ament_cmake_export_targets-extras.cmake
-- Installing: /home/raurus/Documents/Magang_Banyu/ros2/install/opencv/share/opencv/cmake/rosidl_cmake_export_typesupport_targets-extras.cmake
-- Installing: /home/raurus/Documents/Magang_Banyu/ros2/install/opencv/share/opencv/cmake/ament_cmake_export_dependencies-extras.cmake
-- Installing: /home/raurus/Documents/Magang_Banyu/ros2/install/opencv/share/opencv/cmake/rosidl_cmake_export_typesupport_libraries-extras.cmake
-- Installing: /home/raurus/Documents/Magang_Banyu/ros2/install/opencv/share/opencv/cmake/opencvConfig.cmake
-- Installing: /home/raurus/Documents/Magang_Banyu/ros2/install/opencv/share/opencv/cmake/opencvConfig-version.cmake
-- Installing: /home/raurus/Documents/Magang_Banyu/ros2/install/opencv/share/opencv/package.xml
