[0.042s] Invoking command in '/home/raurus/Documents/Magang_Banyu/ros2/build/controller': CMAKE_PREFIX_PATH=${CMAKE_PREFIX_PATH}:/opt/ros/humble /usr/bin/cmake --build /home/raurus/Documents/Magang_Banyu/ros2/build/controller -- -j4 -l4
[0.066s] -- Found ament_cmake: 1.3.7 (/opt/ros/humble/share/ament_cmake/cmake)
[0.158s] -- Found ament_lint_auto: 0.12.10 (/opt/ros/humble/share/ament_lint_auto/cmake)
[0.194s] -- Found rclcpp: 16.0.8 (/opt/ros/humble/share/rclcpp/cmake)
[0.216s] -- Found rosidl_generator_c: 3.1.5 (/opt/ros/humble/share/rosidl_generator_c/cmake)
[0.217s] -- Found rosidl_adapter: 3.1.5 (/opt/ros/humble/share/rosidl_adapter/cmake)
[0.221s] -- Found rosidl_generator_cpp: 3.1.5 (/opt/ros/humble/share/rosidl_generator_cpp/cmake)
[0.228s] -- Using all available rosidl_typesupport_c: rosidl_typesupport_fastrtps_c;rosidl_typesupport_introspection_c
[0.240s] -- Using all available rosidl_typesupport_cpp: rosidl_typesupport_fastrtps_cpp;rosidl_typesupport_introspection_cpp
[0.281s] -- Found rmw_implementation_cmake: 6.1.1 (/opt/ros/humble/share/rmw_implementation_cmake/cmake)
[0.282s] -- Found rmw_fastrtps_cpp: 6.2.6 (/opt/ros/humble/share/rmw_fastrtps_cpp/cmake)
[0.365s] -- Using RMW implementation 'rmw_fastrtps_cpp' as default
[0.490s] -- Found rosidl_default_generators: 1.2.0 (/opt/ros/humble/share/rosidl_default_generators/cmake)
[0.495s] -- Found sensor_msgs: 4.2.3 (/opt/ros/humble/share/sensor_msgs/cmake)
[0.702s] -- Found ament_cmake_ros: 0.10.0 (/opt/ros/humble/share/ament_cmake_ros/cmake)
[0.881s] -- Using all available rosidl_typesupport_c: rosidl_typesupport_fastrtps_c;rosidl_typesupport_introspection_c
[0.952s] -- Using all available rosidl_typesupport_cpp: rosidl_typesupport_fastrtps_cpp;rosidl_typesupport_introspection_cpp
[0.968s] -- Found python_cmake_module: 0.10.0 (/opt/ros/humble/share/python_cmake_module/cmake)
[0.982s] -- Using PYTHON_EXECUTABLE: /usr/bin/python3
[0.982s] -- Using PYTHON_INCLUDE_DIRS: /usr/include/python3.10
[0.983s] -- Using PYTHON_LIBRARIES: /usr/lib/aarch64-linux-gnu/libpython3.10.so
[0.992s] -- Added test 'cppcheck' to perform static code analysis on C / C++ code
[0.993s] -- Configured cppcheck include dirs: 
[0.993s] -- Configured cppcheck exclude dirs and/or files: 
[0.993s] -- Added test 'lint_cmake' to check CMake code style
[0.994s] -- Added test 'uncrustify' to check C / C++ code style
[0.994s] -- Configured uncrustify additional arguments: 
[0.994s] -- Added test 'xmllint' to check XML markup files
[0.996s] -- Configuring done
[1.023s] -- Generating done
[1.027s] -- Build files have been written to: /home/raurus/Documents/Magang_Banyu/ros2/build/controller
[1.048s] [35m[1mConsolidate compiler generated dependencies of target controller__rosidl_generator_c[0m
[1.056s] [  3%] Built target controller__cpp
[1.057s] [ 12%] Built target controller__rosidl_generator_c
[1.065s] [ 12%] Built target ament_cmake_python_copy_controller
[1.065s] [35m[1mConsolidate compiler generated dependencies of target controller__rosidl_typesupport_cpp[0m
[1.066s] [ 15%] [34m[1mGenerating C++ introspection for ROS interfaces[0m
[1.068s] [35m[1mConsolidate compiler generated dependencies of target controller__rosidl_typesupport_fastrtps_cpp[0m
[1.076s] [ 24%] Built target controller__rosidl_typesupport_cpp
[1.079s] [ 33%] Built target controller__rosidl_typesupport_fastrtps_cpp
[1.085s] [35m[1mConsolidate compiler generated dependencies of target controller__rosidl_typesupport_introspection_c[0m
[1.087s] [ 36%] [34m[1mGenerating C type support for eProsima Fast-RTPS[0m
[1.087s] [35m[1mConsolidate compiler generated dependencies of target controller__rosidl_typesupport_c[0m
[1.110s] [ 45%] Built target controller__rosidl_typesupport_c
[1.114s] [ 54%] Built target controller__rosidl_typesupport_introspection_c
[1.172s] [ 57%] [32mBuilding CXX object CMakeFiles/pub_controller.dir/src/publisher_controller_function.cpp.o[0m
[1.230s] [ 60%] [32mBuilding CXX object CMakeFiles/controller__rosidl_typesupport_introspection_cpp.dir/rosidl_typesupport_introspection_cpp/controller/msg/detail/motion__type_support.cpp.o[0m
[1.277s] running egg_info
[1.277s] writing controller.egg-info/PKG-INFO
[1.277s] writing dependency_links to controller.egg-info/dependency_links.txt
[1.278s] writing top-level names to controller.egg-info/top_level.txt
[1.279s] reading manifest file 'controller.egg-info/SOURCES.txt'
[1.280s] writing manifest file 'controller.egg-info/SOURCES.txt'
[1.300s] [ 60%] Built target ament_cmake_python_build_controller_egg
[1.308s] [ 63%] [32mBuilding CXX object CMakeFiles/controller__rosidl_typesupport_fastrtps_c.dir/rosidl_typesupport_fastrtps_c/controller/msg/detail/motion__type_support_c.cpp.o[0m
[1.347s] [01m[K/home/raurus/Documents/Magang_Banyu/ros2/src/controller/src/publisher_controller_function.cpp:6:10:[m[K [01;31m[Kfatal error: [m[Kcontroller/msg/Motion.hpp: No such file or directory
[1.347s]     6 | #include [01;31m[K"controller/msg/Motion.hpp"[m[K
[1.347s]       |          [01;31m[K^~~~~~~~~~~~~~~~~~~~~~~~~~~[m[K
[1.348s] compilation terminated.
[1.349s] gmake[2]: *** [CMakeFiles/pub_controller.dir/build.make:76: CMakeFiles/pub_controller.dir/src/publisher_controller_function.cpp.o] Error 1
[1.349s] gmake[1]: *** [CMakeFiles/Makefile2:593: CMakeFiles/pub_controller.dir/all] Error 2
[1.350s] gmake[1]: *** Waiting for unfinished jobs....
[1.513s] [ 66%] [32m[1mLinking CXX shared library libcontroller__rosidl_typesupport_introspection_cpp.so[0m
[1.547s] [ 66%] Built target controller__rosidl_typesupport_introspection_cpp
[1.554s] [ 69%] [32m[1mLinking CXX shared library libcontroller__rosidl_typesupport_fastrtps_c.so[0m
[1.601s] [ 69%] Built target controller__rosidl_typesupport_fastrtps_c
[1.603s] gmake: *** [Makefile:146: all] Error 2
[1.605s] Invoked command in '/home/raurus/Documents/Magang_Banyu/ros2/build/controller' returned '2': CMAKE_PREFIX_PATH=${CMAKE_PREFIX_PATH}:/opt/ros/humble /usr/bin/cmake --build /home/raurus/Documents/Magang_Banyu/ros2/build/controller -- -j4 -l4
