[0.039s] Invoking command in '/home/raurus/Documents/Magang_Banyu/ros2/build/controller': CMAKE_PREFIX_PATH=${CMAKE_PREFIX_PATH}:/opt/ros/humble /usr/bin/cmake --build /home/raurus/Documents/Magang_Banyu/ros2/build/controller -- -j4 -l4
[0.101s] [  9%] Built target controller__rosidl_generator_c
[0.102s] [ 12%] Built target controller__cpp
[0.115s] [ 12%] Built target ament_cmake_python_copy_controller
[0.126s] [ 21%] Built target controller__rosidl_typesupport_fastrtps_c
[0.133s] [ 33%] Built target controller__rosidl_typesupport_c
[0.134s] [ 39%] Built target controller__rosidl_typesupport_introspection_c
[0.152s] [ 48%] Built target controller__rosidl_typesupport_introspection_cpp
[0.166s] [ 60%] Built target controller__rosidl_typesupport_cpp
[0.167s] [ 66%] Built target controller__rosidl_typesupport_fastrtps_cpp
[0.178s] [35m[1mConsolidate compiler generated dependencies of target pub_controller[0m
[0.190s] [ 66%] Built target controller
[0.195s] [ 69%] [32mBuilding CXX object CMakeFiles/pub_controller.dir/src/publisher_controller_function.cpp.o[0m
[0.207s] [ 72%] Built target controller__py
[0.227s] [ 78%] Built target controller__rosidl_generator_py
[0.258s] [ 87%] Built target controller__rosidl_typesupport_fastrtps_c__pyext
[0.259s] [ 90%] Built target controller__rosidl_typesupport_introspection_c__pyext
[0.284s] [ 96%] Built target controller__rosidl_typesupport_c__pyext
[0.289s] running egg_info
[0.290s] writing controller.egg-info/PKG-INFO
[0.290s] writing dependency_links to controller.egg-info/dependency_links.txt
[0.290s] writing top-level names to controller.egg-info/top_level.txt
[0.291s] reading manifest file 'controller.egg-info/SOURCES.txt'
[0.292s] writing manifest file 'controller.egg-info/SOURCES.txt'
[0.310s] [ 96%] Built target ament_cmake_python_build_controller_egg
[5.803s] [100%] [32m[1mLinking CXX executable pub_controller[0m
[6.130s] [100%] Built target pub_controller
[6.143s] Invoked command in '/home/raurus/Documents/Magang_Banyu/ros2/build/controller' returned '0': CMAKE_PREFIX_PATH=${CMAKE_PREFIX_PATH}:/opt/ros/humble /usr/bin/cmake --build /home/raurus/Documents/Magang_Banyu/ros2/build/controller -- -j4 -l4
[6.218s] Invoking command in '/home/raurus/Documents/Magang_Banyu/ros2/build/controller': CMAKE_PREFIX_PATH=${CMAKE_PREFIX_PATH}:/opt/ros/humble /usr/bin/cmake --install /home/raurus/Documents/Magang_Banyu/ros2/build/controller
[6.226s] -- Install configuration: ""
[6.227s] -- Up-to-date: /home/raurus/Documents/Magang_Banyu/ros2/install/controller/share/ament_index/resource_index/rosidl_interfaces/controller
[6.227s] -- Up-to-date: /home/raurus/Documents/Magang_Banyu/ros2/install/controller/include/controller/controller
[6.227s] -- Up-to-date: /home/raurus/Documents/Magang_Banyu/ros2/install/controller/include/controller/controller/msg
[6.227s] -- Up-to-date: /home/raurus/Documents/Magang_Banyu/ros2/install/controller/include/controller/controller/msg/motion.h
[6.227s] -- Up-to-date: /home/raurus/Documents/Magang_Banyu/ros2/install/controller/include/controller/controller/msg/rosidl_generator_c__visibility_control.h
[6.228s] -- Up-to-date: /home/raurus/Documents/Magang_Banyu/ros2/install/controller/include/controller/controller/msg/detail
[6.228s] -- Up-to-date: /home/raurus/Documents/Magang_Banyu/ros2/install/controller/include/controller/controller/msg/detail/motion__functions.h
[6.228s] -- Up-to-date: /home/raurus/Documents/Magang_Banyu/ros2/install/controller/include/controller/controller/msg/detail/motion__struct.h
[6.228s] -- Up-to-date: /home/raurus/Documents/Magang_Banyu/ros2/install/controller/include/controller/controller/msg/detail/motion__functions.c
[6.228s] -- Up-to-date: /home/raurus/Documents/Magang_Banyu/ros2/install/controller/include/controller/controller/msg/detail/motion__type_support.h
[6.229s] -- Up-to-date: /home/raurus/Documents/Magang_Banyu/ros2/install/controller/share/controller/environment/library_path.sh
[6.229s] -- Up-to-date: /home/raurus/Documents/Magang_Banyu/ros2/install/controller/share/controller/environment/library_path.dsv
[6.229s] -- Up-to-date: /home/raurus/Documents/Magang_Banyu/ros2/install/controller/lib/libcontroller__rosidl_generator_c.so
[6.229s] -- Up-to-date: /home/raurus/Documents/Magang_Banyu/ros2/install/controller/include/controller/controller
[6.229s] -- Up-to-date: /home/raurus/Documents/Magang_Banyu/ros2/install/controller/include/controller/controller/msg
[6.230s] -- Up-to-date: /home/raurus/Documents/Magang_Banyu/ros2/install/controller/include/controller/controller/msg/detail
[6.230s] -- Up-to-date: /home/raurus/Documents/Magang_Banyu/ros2/install/controller/include/controller/controller/msg/detail/motion__rosidl_typesupport_fastrtps_c.h
[6.230s] -- Up-to-date: /home/raurus/Documents/Magang_Banyu/ros2/install/controller/include/controller/controller/msg/rosidl_typesupport_fastrtps_c__visibility_control.h
[6.230s] -- Up-to-date: /home/raurus/Documents/Magang_Banyu/ros2/install/controller/lib/libcontroller__rosidl_typesupport_fastrtps_c.so
[6.230s] -- Up-to-date: /home/raurus/Documents/Magang_Banyu/ros2/install/controller/include/controller/controller
[6.230s] -- Up-to-date: /home/raurus/Documents/Magang_Banyu/ros2/install/controller/include/controller/controller/msg
[6.230s] -- Up-to-date: /home/raurus/Documents/Magang_Banyu/ros2/install/controller/include/controller/controller/msg/motion.hpp
[6.230s] -- Up-to-date: /home/raurus/Documents/Magang_Banyu/ros2/install/controller/include/controller/controller/msg/detail
[6.231s] -- Up-to-date: /home/raurus/Documents/Magang_Banyu/ros2/install/controller/include/controller/controller/msg/detail/motion__traits.hpp
[6.231s] -- Up-to-date: /home/raurus/Documents/Magang_Banyu/ros2/install/controller/include/controller/controller/msg/detail/motion__builder.hpp
[6.231s] -- Up-to-date: /home/raurus/Documents/Magang_Banyu/ros2/install/controller/include/controller/controller/msg/detail/motion__struct.hpp
[6.231s] -- Up-to-date: /home/raurus/Documents/Magang_Banyu/ros2/install/controller/include/controller/controller
[6.231s] -- Up-to-date: /home/raurus/Documents/Magang_Banyu/ros2/install/controller/include/controller/controller/msg
[6.231s] -- Up-to-date: /home/raurus/Documents/Magang_Banyu/ros2/install/controller/include/controller/controller/msg/rosidl_typesupport_fastrtps_cpp__visibility_control.h
[6.231s] -- Up-to-date: /home/raurus/Documents/Magang_Banyu/ros2/install/controller/include/controller/controller/msg/detail
[6.231s] -- Up-to-date: /home/raurus/Documents/Magang_Banyu/ros2/install/controller/include/controller/controller/msg/detail/motion__rosidl_typesupport_fastrtps_cpp.hpp
[6.231s] -- Up-to-date: /home/raurus/Documents/Magang_Banyu/ros2/install/controller/include/controller/controller/msg/detail/dds_fastrtps
[6.232s] -- Up-to-date: /home/raurus/Documents/Magang_Banyu/ros2/install/controller/lib/libcontroller__rosidl_typesupport_fastrtps_cpp.so
[6.232s] -- Up-to-date: /home/raurus/Documents/Magang_Banyu/ros2/install/controller/include/controller/controller
[6.232s] -- Up-to-date: /home/raurus/Documents/Magang_Banyu/ros2/install/controller/include/controller/controller/msg
[6.232s] -- Up-to-date: /home/raurus/Documents/Magang_Banyu/ros2/install/controller/include/controller/controller/msg/detail
[6.232s] -- Up-to-date: /home/raurus/Documents/Magang_Banyu/ros2/install/controller/include/controller/controller/msg/detail/motion__type_support.c
[6.232s] -- Up-to-date: /home/raurus/Documents/Magang_Banyu/ros2/install/controller/include/controller/controller/msg/detail/motion__rosidl_typesupport_introspection_c.h
[6.232s] -- Up-to-date: /home/raurus/Documents/Magang_Banyu/ros2/install/controller/include/controller/controller/msg/rosidl_typesupport_introspection_c__visibility_control.h
[6.233s] -- Up-to-date: /home/raurus/Documents/Magang_Banyu/ros2/install/controller/lib/libcontroller__rosidl_typesupport_introspection_c.so
[6.233s] -- Up-to-date: /home/raurus/Documents/Magang_Banyu/ros2/install/controller/lib/libcontroller__rosidl_typesupport_c.so
[6.233s] -- Up-to-date: /home/raurus/Documents/Magang_Banyu/ros2/install/controller/include/controller/controller
[6.233s] -- Up-to-date: /home/raurus/Documents/Magang_Banyu/ros2/install/controller/include/controller/controller/msg
[6.233s] -- Up-to-date: /home/raurus/Documents/Magang_Banyu/ros2/install/controller/include/controller/controller/msg/detail
[6.233s] -- Up-to-date: /home/raurus/Documents/Magang_Banyu/ros2/install/controller/include/controller/controller/msg/detail/motion__rosidl_typesupport_introspection_cpp.hpp
[6.233s] -- Up-to-date: /home/raurus/Documents/Magang_Banyu/ros2/install/controller/include/controller/controller/msg/detail/motion__type_support.cpp
[6.233s] -- Up-to-date: /home/raurus/Documents/Magang_Banyu/ros2/install/controller/lib/libcontroller__rosidl_typesupport_introspection_cpp.so
[6.233s] -- Up-to-date: /home/raurus/Documents/Magang_Banyu/ros2/install/controller/lib/libcontroller__rosidl_typesupport_cpp.so
[6.234s] -- Up-to-date: /home/raurus/Documents/Magang_Banyu/ros2/install/controller/share/controller/environment/pythonpath.sh
[6.234s] -- Up-to-date: /home/raurus/Documents/Magang_Banyu/ros2/install/controller/share/controller/environment/pythonpath.dsv
[6.234s] -- Up-to-date: /home/raurus/Documents/Magang_Banyu/ros2/install/controller/local/lib/python3.10/dist-packages/controller-0.0.0-py3.10.egg-info
[6.234s] -- Installing: /home/raurus/Documents/Magang_Banyu/ros2/install/controller/local/lib/python3.10/dist-packages/controller-0.0.0-py3.10.egg-info/dependency_links.txt
[6.234s] -- Installing: /home/raurus/Documents/Magang_Banyu/ros2/install/controller/local/lib/python3.10/dist-packages/controller-0.0.0-py3.10.egg-info/PKG-INFO
[6.235s] -- Installing: /home/raurus/Documents/Magang_Banyu/ros2/install/controller/local/lib/python3.10/dist-packages/controller-0.0.0-py3.10.egg-info/SOURCES.txt
[6.235s] -- Installing: /home/raurus/Documents/Magang_Banyu/ros2/install/controller/local/lib/python3.10/dist-packages/controller-0.0.0-py3.10.egg-info/top_level.txt
[6.236s] -- Up-to-date: /home/raurus/Documents/Magang_Banyu/ros2/install/controller/local/lib/python3.10/dist-packages/controller
[6.236s] -- Up-to-date: /home/raurus/Documents/Magang_Banyu/ros2/install/controller/local/lib/python3.10/dist-packages/controller/controller_s__rosidl_typesupport_c.cpython-310-aarch64-linux-gnu.so
[6.236s] -- Up-to-date: /home/raurus/Documents/Magang_Banyu/ros2/install/controller/local/lib/python3.10/dist-packages/controller/_controller_s.ep.rosidl_typesupport_introspection_c.c
[6.236s] -- Up-to-date: /home/raurus/Documents/Magang_Banyu/ros2/install/controller/local/lib/python3.10/dist-packages/controller/controller_s__rosidl_typesupport_introspection_c.cpython-310-aarch64-linux-gnu.so
[6.236s] -- Up-to-date: /home/raurus/Documents/Magang_Banyu/ros2/install/controller/local/lib/python3.10/dist-packages/controller/_controller_s.ep.rosidl_typesupport_fastrtps_c.c
[6.236s] -- Up-to-date: /home/raurus/Documents/Magang_Banyu/ros2/install/controller/local/lib/python3.10/dist-packages/controller/_controller_s.ep.rosidl_typesupport_c.c
[6.236s] -- Up-to-date: /home/raurus/Documents/Magang_Banyu/ros2/install/controller/local/lib/python3.10/dist-packages/controller/msg
[6.236s] -- Up-to-date: /home/raurus/Documents/Magang_Banyu/ros2/install/controller/local/lib/python3.10/dist-packages/controller/msg/_motion.py
[6.237s] -- Up-to-date: /home/raurus/Documents/Magang_Banyu/ros2/install/controller/local/lib/python3.10/dist-packages/controller/msg/_motion_s.c
[6.237s] -- Up-to-date: /home/raurus/Documents/Magang_Banyu/ros2/install/controller/local/lib/python3.10/dist-packages/controller/msg/__init__.py
[6.237s] -- Up-to-date: /home/raurus/Documents/Magang_Banyu/ros2/install/controller/local/lib/python3.10/dist-packages/controller/libcontroller__rosidl_generator_py.so
[6.237s] -- Up-to-date: /home/raurus/Documents/Magang_Banyu/ros2/install/controller/local/lib/python3.10/dist-packages/controller/controller_s__rosidl_typesupport_fastrtps_c.cpython-310-aarch64-linux-gnu.so
[6.237s] -- Up-to-date: /home/raurus/Documents/Magang_Banyu/ros2/install/controller/local/lib/python3.10/dist-packages/controller/__init__.py
[6.270s] Listing '/home/raurus/Documents/Magang_Banyu/ros2/install/controller/local/lib/python3.10/dist-packages/controller'...
[6.270s] Listing '/home/raurus/Documents/Magang_Banyu/ros2/install/controller/local/lib/python3.10/dist-packages/controller/msg'...
[6.273s] -- Up-to-date: /home/raurus/Documents/Magang_Banyu/ros2/install/controller/local/lib/python3.10/dist-packages/controller/controller_s__rosidl_typesupport_fastrtps_c.cpython-310-aarch64-linux-gnu.so
[6.273s] -- Up-to-date: /home/raurus/Documents/Magang_Banyu/ros2/install/controller/local/lib/python3.10/dist-packages/controller/controller_s__rosidl_typesupport_introspection_c.cpython-310-aarch64-linux-gnu.so
[6.273s] -- Up-to-date: /home/raurus/Documents/Magang_Banyu/ros2/install/controller/local/lib/python3.10/dist-packages/controller/controller_s__rosidl_typesupport_c.cpython-310-aarch64-linux-gnu.so
[6.273s] -- Up-to-date: /home/raurus/Documents/Magang_Banyu/ros2/install/controller/lib/libcontroller__rosidl_generator_py.so
[6.274s] -- Up-to-date: /home/raurus/Documents/Magang_Banyu/ros2/install/controller/share/controller/msg/Motion.idl
[6.277s] -- Up-to-date: /home/raurus/Documents/Magang_Banyu/ros2/install/controller/share/controller/msg/Motion.msg
[6.277s] -- Installing: /home/raurus/Documents/Magang_Banyu/ros2/install/controller/lib/controller/pub_controller
[6.277s] -- Set runtime path of "/home/raurus/Documents/Magang_Banyu/ros2/install/controller/lib/controller/pub_controller" to ""
[6.277s] -- Up-to-date: /home/raurus/Documents/Magang_Banyu/ros2/install/controller/share/ament_index/resource_index/package_run_dependencies/controller
[6.277s] -- Up-to-date: /home/raurus/Documents/Magang_Banyu/ros2/install/controller/share/ament_index/resource_index/parent_prefix_path/controller
[6.278s] -- Up-to-date: /home/raurus/Documents/Magang_Banyu/ros2/install/controller/share/controller/environment/ament_prefix_path.sh
[6.279s] -- Up-to-date: /home/raurus/Documents/Magang_Banyu/ros2/install/controller/share/controller/environment/ament_prefix_path.dsv
[6.279s] -- Up-to-date: /home/raurus/Documents/Magang_Banyu/ros2/install/controller/share/controller/environment/path.sh
[6.279s] -- Up-to-date: /home/raurus/Documents/Magang_Banyu/ros2/install/controller/share/controller/environment/path.dsv
[6.279s] -- Up-to-date: /home/raurus/Documents/Magang_Banyu/ros2/install/controller/share/controller/local_setup.bash
[6.279s] -- Up-to-date: /home/raurus/Documents/Magang_Banyu/ros2/install/controller/share/controller/local_setup.sh
[6.279s] -- Up-to-date: /home/raurus/Documents/Magang_Banyu/ros2/install/controller/share/controller/local_setup.zsh
[6.279s] -- Up-to-date: /home/raurus/Documents/Magang_Banyu/ros2/install/controller/share/controller/local_setup.dsv
[6.279s] -- Installing: /home/raurus/Documents/Magang_Banyu/ros2/install/controller/share/controller/package.dsv
[6.280s] -- Up-to-date: /home/raurus/Documents/Magang_Banyu/ros2/install/controller/share/ament_index/resource_index/packages/controller
[6.283s] -- Up-to-date: /home/raurus/Documents/Magang_Banyu/ros2/install/controller/share/controller/cmake/export_controller__rosidl_generator_cExport.cmake
[6.283s] -- Up-to-date: /home/raurus/Documents/Magang_Banyu/ros2/install/controller/share/controller/cmake/export_controller__rosidl_generator_cExport-noconfig.cmake
[6.285s] -- Up-to-date: /home/raurus/Documents/Magang_Banyu/ros2/install/controller/share/controller/cmake/export_controller__rosidl_typesupport_fastrtps_cExport.cmake
[6.285s] -- Up-to-date: /home/raurus/Documents/Magang_Banyu/ros2/install/controller/share/controller/cmake/export_controller__rosidl_typesupport_fastrtps_cExport-noconfig.cmake
[6.285s] -- Up-to-date: /home/raurus/Documents/Magang_Banyu/ros2/install/controller/share/controller/cmake/export_controller__rosidl_generator_cppExport.cmake
[6.286s] -- Up-to-date: /home/raurus/Documents/Magang_Banyu/ros2/install/controller/share/controller/cmake/export_controller__rosidl_typesupport_fastrtps_cppExport.cmake
[6.286s] -- Up-to-date: /home/raurus/Documents/Magang_Banyu/ros2/install/controller/share/controller/cmake/export_controller__rosidl_typesupport_fastrtps_cppExport-noconfig.cmake
[6.288s] -- Up-to-date: /home/raurus/Documents/Magang_Banyu/ros2/install/controller/share/controller/cmake/controller__rosidl_typesupport_introspection_cExport.cmake
[6.289s] -- Up-to-date: /home/raurus/Documents/Magang_Banyu/ros2/install/controller/share/controller/cmake/controller__rosidl_typesupport_introspection_cExport-noconfig.cmake
[6.289s] -- Up-to-date: /home/raurus/Documents/Magang_Banyu/ros2/install/controller/share/controller/cmake/controller__rosidl_typesupport_cExport.cmake
[6.289s] -- Up-to-date: /home/raurus/Documents/Magang_Banyu/ros2/install/controller/share/controller/cmake/controller__rosidl_typesupport_cExport-noconfig.cmake
[6.289s] -- Up-to-date: /home/raurus/Documents/Magang_Banyu/ros2/install/controller/share/controller/cmake/controller__rosidl_typesupport_introspection_cppExport.cmake
[6.289s] -- Up-to-date: /home/raurus/Documents/Magang_Banyu/ros2/install/controller/share/controller/cmake/controller__rosidl_typesupport_introspection_cppExport-noconfig.cmake
[6.289s] -- Up-to-date: /home/raurus/Documents/Magang_Banyu/ros2/install/controller/share/controller/cmake/controller__rosidl_typesupport_cppExport.cmake
[6.289s] -- Up-to-date: /home/raurus/Documents/Magang_Banyu/ros2/install/controller/share/controller/cmake/controller__rosidl_typesupport_cppExport-noconfig.cmake
[6.289s] -- Up-to-date: /home/raurus/Documents/Magang_Banyu/ros2/install/controller/share/controller/cmake/export_controller__rosidl_generator_pyExport.cmake
[6.289s] -- Up-to-date: /home/raurus/Documents/Magang_Banyu/ros2/install/controller/share/controller/cmake/export_controller__rosidl_generator_pyExport-noconfig.cmake
[6.289s] -- Up-to-date: /home/raurus/Documents/Magang_Banyu/ros2/install/controller/share/controller/cmake/rosidl_cmake-extras.cmake
[6.290s] -- Up-to-date: /home/raurus/Documents/Magang_Banyu/ros2/install/controller/share/controller/cmake/ament_cmake_export_include_directories-extras.cmake
[6.290s] -- Up-to-date: /home/raurus/Documents/Magang_Banyu/ros2/install/controller/share/controller/cmake/ament_cmake_export_libraries-extras.cmake
[6.290s] -- Up-to-date: /home/raurus/Documents/Magang_Banyu/ros2/install/controller/share/controller/cmake/ament_cmake_export_targets-extras.cmake
[6.290s] -- Up-to-date: /home/raurus/Documents/Magang_Banyu/ros2/install/controller/share/controller/cmake/rosidl_cmake_export_typesupport_targets-extras.cmake
[6.290s] -- Up-to-date: /home/raurus/Documents/Magang_Banyu/ros2/install/controller/share/controller/cmake/ament_cmake_export_dependencies-extras.cmake
[6.290s] -- Up-to-date: /home/raurus/Documents/Magang_Banyu/ros2/install/controller/share/controller/cmake/rosidl_cmake_export_typesupport_libraries-extras.cmake
[6.291s] -- Up-to-date: /home/raurus/Documents/Magang_Banyu/ros2/install/controller/share/controller/cmake/controllerConfig.cmake
[6.291s] -- Up-to-date: /home/raurus/Documents/Magang_Banyu/ros2/install/controller/share/controller/cmake/controllerConfig-version.cmake
[6.291s] -- Up-to-date: /home/raurus/Documents/Magang_Banyu/ros2/install/controller/share/controller/package.xml
[6.293s] Invoked command in '/home/raurus/Documents/Magang_Banyu/ros2/build/controller' returned '0': CMAKE_PREFIX_PATH=${CMAKE_PREFIX_PATH}:/opt/ros/humble /usr/bin/cmake --install /home/raurus/Documents/Magang_Banyu/ros2/build/controller
