[0.052s] Invoking command in '/home/raurus/Documents/Magang_Banyu/ros2/build/controller': CMAKE_PREFIX_PATH=/opt/ros/humble /usr/bin/cmake --build /home/raurus/Documents/Magang_Banyu/ros2/build/controller -- -j4 -l4
[0.145s] [  9%] Built target controller__rosidl_generator_c
[0.149s] [ 12%] Built target controller__cpp
[0.154s] [ 12%] Built target ament_cmake_python_copy_controller
[0.166s] [ 21%] Built target controller__rosidl_typesupport_c
[0.168s] [ 30%] Built target controller__rosidl_typesupport_introspection_c
[0.172s] [ 39%] Built target controller__rosidl_typesupport_introspection_cpp
[0.178s] [ 48%] Built target controller__rosidl_typesupport_fastrtps_c
[0.187s] [ 57%] Built target controller__rosidl_typesupport_cpp
[0.187s] [ 66%] Built target controller__rosidl_typesupport_fastrtps_cpp
[0.201s] [ 66%] Built target controller
[0.207s] [35m[1mConsolidate compiler generated dependencies of target pub_controller[0m
[0.217s] [ 69%] Built target controller__py
[0.230s] [ 75%] Built target pub_controller
[0.235s] [ 81%] Built target controller__rosidl_generator_py
[0.252s] [ 87%] Built target controller__rosidl_typesupport_fastrtps_c__pyext
[0.257s] [ 93%] Built target controller__rosidl_typesupport_introspection_c__pyext
[0.264s] [100%] Built target controller__rosidl_typesupport_c__pyext
[0.321s] running egg_info
[0.321s] writing controller.egg-info/PKG-INFO
[0.321s] writing dependency_links to controller.egg-info/dependency_links.txt
[0.321s] writing top-level names to controller.egg-info/top_level.txt
[0.324s] reading manifest file 'controller.egg-info/SOURCES.txt'
[0.324s] writing manifest file 'controller.egg-info/SOURCES.txt'
[0.340s] [100%] Built target ament_cmake_python_build_controller_egg
[0.346s] Invoked command in '/home/raurus/Documents/Magang_Banyu/ros2/build/controller' returned '0': CMAKE_PREFIX_PATH=/opt/ros/humble /usr/bin/cmake --build /home/raurus/Documents/Magang_Banyu/ros2/build/controller -- -j4 -l4
[0.397s] Invoking command in '/home/raurus/Documents/Magang_Banyu/ros2/build/controller': CMAKE_PREFIX_PATH=/opt/ros/humble /usr/bin/cmake --install /home/raurus/Documents/Magang_Banyu/ros2/build/controller
[0.402s] -- Install configuration: ""
[0.402s] -- Up-to-date: /home/raurus/Documents/Magang_Banyu/ros2/install/controller/share/ament_index/resource_index/rosidl_interfaces/controller
[0.405s] -- Up-to-date: /home/raurus/Documents/Magang_Banyu/ros2/install/controller/include/controller/controller
[0.405s] -- Up-to-date: /home/raurus/Documents/Magang_Banyu/ros2/install/controller/include/controller/controller/msg
[0.405s] -- Up-to-date: /home/raurus/Documents/Magang_Banyu/ros2/install/controller/include/controller/controller/msg/motion.h
[0.405s] -- Up-to-date: /home/raurus/Documents/Magang_Banyu/ros2/install/controller/include/controller/controller/msg/rosidl_generator_c__visibility_control.h
[0.405s] -- Up-to-date: /home/raurus/Documents/Magang_Banyu/ros2/install/controller/include/controller/controller/msg/detail
[0.405s] -- Up-to-date: /home/raurus/Documents/Magang_Banyu/ros2/install/controller/include/controller/controller/msg/detail/motion__functions.h
[0.405s] -- Up-to-date: /home/raurus/Documents/Magang_Banyu/ros2/install/controller/include/controller/controller/msg/detail/motion__struct.h
[0.405s] -- Up-to-date: /home/raurus/Documents/Magang_Banyu/ros2/install/controller/include/controller/controller/msg/detail/motion__functions.c
[0.405s] -- Up-to-date: /home/raurus/Documents/Magang_Banyu/ros2/install/controller/include/controller/controller/msg/detail/motion__type_support.h
[0.405s] -- Up-to-date: /home/raurus/Documents/Magang_Banyu/ros2/install/controller/share/controller/environment/library_path.sh
[0.405s] -- Up-to-date: /home/raurus/Documents/Magang_Banyu/ros2/install/controller/share/controller/environment/library_path.dsv
[0.405s] -- Up-to-date: /home/raurus/Documents/Magang_Banyu/ros2/install/controller/lib/libcontroller__rosidl_generator_c.so
[0.405s] -- Up-to-date: /home/raurus/Documents/Magang_Banyu/ros2/install/controller/include/controller/controller
[0.405s] -- Up-to-date: /home/raurus/Documents/Magang_Banyu/ros2/install/controller/include/controller/controller/msg
[0.405s] -- Up-to-date: /home/raurus/Documents/Magang_Banyu/ros2/install/controller/include/controller/controller/msg/detail
[0.405s] -- Up-to-date: /home/raurus/Documents/Magang_Banyu/ros2/install/controller/include/controller/controller/msg/detail/motion__rosidl_typesupport_fastrtps_c.h
[0.406s] -- Up-to-date: /home/raurus/Documents/Magang_Banyu/ros2/install/controller/include/controller/controller/msg/rosidl_typesupport_fastrtps_c__visibility_control.h
[0.407s] -- Up-to-date: /home/raurus/Documents/Magang_Banyu/ros2/install/controller/lib/libcontroller__rosidl_typesupport_fastrtps_c.so
[0.407s] -- Up-to-date: /home/raurus/Documents/Magang_Banyu/ros2/install/controller/include/controller/controller
[0.407s] -- Up-to-date: /home/raurus/Documents/Magang_Banyu/ros2/install/controller/include/controller/controller/msg
[0.407s] -- Up-to-date: /home/raurus/Documents/Magang_Banyu/ros2/install/controller/include/controller/controller/msg/motion.hpp
[0.407s] -- Up-to-date: /home/raurus/Documents/Magang_Banyu/ros2/install/controller/include/controller/controller/msg/detail
[0.407s] -- Up-to-date: /home/raurus/Documents/Magang_Banyu/ros2/install/controller/include/controller/controller/msg/detail/motion__traits.hpp
[0.407s] -- Up-to-date: /home/raurus/Documents/Magang_Banyu/ros2/install/controller/include/controller/controller/msg/detail/motion__builder.hpp
[0.407s] -- Up-to-date: /home/raurus/Documents/Magang_Banyu/ros2/install/controller/include/controller/controller/msg/detail/motion__struct.hpp
[0.408s] -- Up-to-date: /home/raurus/Documents/Magang_Banyu/ros2/install/controller/include/controller/controller
[0.408s] -- Up-to-date: /home/raurus/Documents/Magang_Banyu/ros2/install/controller/include/controller/controller/msg
[0.408s] -- Up-to-date: /home/raurus/Documents/Magang_Banyu/ros2/install/controller/include/controller/controller/msg/rosidl_typesupport_fastrtps_cpp__visibility_control.h
[0.408s] -- Up-to-date: /home/raurus/Documents/Magang_Banyu/ros2/install/controller/include/controller/controller/msg/detail
[0.408s] -- Up-to-date: /home/raurus/Documents/Magang_Banyu/ros2/install/controller/include/controller/controller/msg/detail/motion__rosidl_typesupport_fastrtps_cpp.hpp
[0.408s] -- Up-to-date: /home/raurus/Documents/Magang_Banyu/ros2/install/controller/include/controller/controller/msg/detail/dds_fastrtps
[0.408s] -- Up-to-date: /home/raurus/Documents/Magang_Banyu/ros2/install/controller/lib/libcontroller__rosidl_typesupport_fastrtps_cpp.so
[0.408s] -- Up-to-date: /home/raurus/Documents/Magang_Banyu/ros2/install/controller/include/controller/controller
[0.408s] -- Up-to-date: /home/raurus/Documents/Magang_Banyu/ros2/install/controller/include/controller/controller/msg
[0.408s] -- Up-to-date: /home/raurus/Documents/Magang_Banyu/ros2/install/controller/include/controller/controller/msg/detail
[0.409s] -- Up-to-date: /home/raurus/Documents/Magang_Banyu/ros2/install/controller/include/controller/controller/msg/detail/motion__type_support.c
[0.409s] -- Up-to-date: /home/raurus/Documents/Magang_Banyu/ros2/install/controller/include/controller/controller/msg/detail/motion__rosidl_typesupport_introspection_c.h
[0.409s] -- Up-to-date: /home/raurus/Documents/Magang_Banyu/ros2/install/controller/include/controller/controller/msg/rosidl_typesupport_introspection_c__visibility_control.h
[0.409s] -- Up-to-date: /home/raurus/Documents/Magang_Banyu/ros2/install/controller/lib/libcontroller__rosidl_typesupport_introspection_c.so
[0.410s] -- Up-to-date: /home/raurus/Documents/Magang_Banyu/ros2/install/controller/lib/libcontroller__rosidl_typesupport_c.so
[0.410s] -- Up-to-date: /home/raurus/Documents/Magang_Banyu/ros2/install/controller/include/controller/controller
[0.410s] -- Up-to-date: /home/raurus/Documents/Magang_Banyu/ros2/install/controller/include/controller/controller/msg
[0.411s] -- Up-to-date: /home/raurus/Documents/Magang_Banyu/ros2/install/controller/include/controller/controller/msg/detail
[0.411s] -- Up-to-date: /home/raurus/Documents/Magang_Banyu/ros2/install/controller/include/controller/controller/msg/detail/motion__rosidl_typesupport_introspection_cpp.hpp
[0.411s] -- Up-to-date: /home/raurus/Documents/Magang_Banyu/ros2/install/controller/include/controller/controller/msg/detail/motion__type_support.cpp
[0.411s] -- Up-to-date: /home/raurus/Documents/Magang_Banyu/ros2/install/controller/lib/libcontroller__rosidl_typesupport_introspection_cpp.so
[0.411s] -- Up-to-date: /home/raurus/Documents/Magang_Banyu/ros2/install/controller/lib/libcontroller__rosidl_typesupport_cpp.so
[0.411s] -- Up-to-date: /home/raurus/Documents/Magang_Banyu/ros2/install/controller/share/controller/environment/pythonpath.sh
[0.411s] -- Up-to-date: /home/raurus/Documents/Magang_Banyu/ros2/install/controller/share/controller/environment/pythonpath.dsv
[0.411s] -- Up-to-date: /home/raurus/Documents/Magang_Banyu/ros2/install/controller/local/lib/python3.10/dist-packages/controller-0.0.0-py3.10.egg-info
[0.411s] -- Installing: /home/raurus/Documents/Magang_Banyu/ros2/install/controller/local/lib/python3.10/dist-packages/controller-0.0.0-py3.10.egg-info/dependency_links.txt
[0.411s] -- Installing: /home/raurus/Documents/Magang_Banyu/ros2/install/controller/local/lib/python3.10/dist-packages/controller-0.0.0-py3.10.egg-info/PKG-INFO
[0.411s] -- Installing: /home/raurus/Documents/Magang_Banyu/ros2/install/controller/local/lib/python3.10/dist-packages/controller-0.0.0-py3.10.egg-info/SOURCES.txt
[0.412s] -- Installing: /home/raurus/Documents/Magang_Banyu/ros2/install/controller/local/lib/python3.10/dist-packages/controller-0.0.0-py3.10.egg-info/top_level.txt
[0.412s] -- Up-to-date: /home/raurus/Documents/Magang_Banyu/ros2/install/controller/local/lib/python3.10/dist-packages/controller
[0.412s] -- Up-to-date: /home/raurus/Documents/Magang_Banyu/ros2/install/controller/local/lib/python3.10/dist-packages/controller/controller_s__rosidl_typesupport_c.cpython-310-aarch64-linux-gnu.so
[0.412s] -- Up-to-date: /home/raurus/Documents/Magang_Banyu/ros2/install/controller/local/lib/python3.10/dist-packages/controller/_controller_s.ep.rosidl_typesupport_introspection_c.c
[0.412s] -- Up-to-date: /home/raurus/Documents/Magang_Banyu/ros2/install/controller/local/lib/python3.10/dist-packages/controller/controller_s__rosidl_typesupport_introspection_c.cpython-310-aarch64-linux-gnu.so
[0.412s] -- Up-to-date: /home/raurus/Documents/Magang_Banyu/ros2/install/controller/local/lib/python3.10/dist-packages/controller/_controller_s.ep.rosidl_typesupport_fastrtps_c.c
[0.412s] -- Up-to-date: /home/raurus/Documents/Magang_Banyu/ros2/install/controller/local/lib/python3.10/dist-packages/controller/_controller_s.ep.rosidl_typesupport_c.c
[0.413s] -- Up-to-date: /home/raurus/Documents/Magang_Banyu/ros2/install/controller/local/lib/python3.10/dist-packages/controller/msg
[0.413s] -- Up-to-date: /home/raurus/Documents/Magang_Banyu/ros2/install/controller/local/lib/python3.10/dist-packages/controller/msg/_motion.py
[0.413s] -- Up-to-date: /home/raurus/Documents/Magang_Banyu/ros2/install/controller/local/lib/python3.10/dist-packages/controller/msg/_motion_s.c
[0.413s] -- Up-to-date: /home/raurus/Documents/Magang_Banyu/ros2/install/controller/local/lib/python3.10/dist-packages/controller/msg/__init__.py
[0.413s] -- Up-to-date: /home/raurus/Documents/Magang_Banyu/ros2/install/controller/local/lib/python3.10/dist-packages/controller/libcontroller__rosidl_generator_py.so
[0.413s] -- Up-to-date: /home/raurus/Documents/Magang_Banyu/ros2/install/controller/local/lib/python3.10/dist-packages/controller/controller_s__rosidl_typesupport_fastrtps_c.cpython-310-aarch64-linux-gnu.so
[0.413s] -- Up-to-date: /home/raurus/Documents/Magang_Banyu/ros2/install/controller/local/lib/python3.10/dist-packages/controller/__init__.py
[0.432s] Listing '/home/raurus/Documents/Magang_Banyu/ros2/install/controller/local/lib/python3.10/dist-packages/controller'...
[0.432s] Listing '/home/raurus/Documents/Magang_Banyu/ros2/install/controller/local/lib/python3.10/dist-packages/controller/msg'...
[0.435s] -- Up-to-date: /home/raurus/Documents/Magang_Banyu/ros2/install/controller/local/lib/python3.10/dist-packages/controller/controller_s__rosidl_typesupport_fastrtps_c.cpython-310-aarch64-linux-gnu.so
[0.435s] -- Up-to-date: /home/raurus/Documents/Magang_Banyu/ros2/install/controller/local/lib/python3.10/dist-packages/controller/controller_s__rosidl_typesupport_introspection_c.cpython-310-aarch64-linux-gnu.so
[0.435s] -- Up-to-date: /home/raurus/Documents/Magang_Banyu/ros2/install/controller/local/lib/python3.10/dist-packages/controller/controller_s__rosidl_typesupport_c.cpython-310-aarch64-linux-gnu.so
[0.436s] -- Up-to-date: /home/raurus/Documents/Magang_Banyu/ros2/install/controller/lib/libcontroller__rosidl_generator_py.so
[0.436s] -- Up-to-date: /home/raurus/Documents/Magang_Banyu/ros2/install/controller/share/controller/msg/Motion.idl
[0.437s] -- Up-to-date: /home/raurus/Documents/Magang_Banyu/ros2/install/controller/share/controller/msg/Motion.msg
[0.437s] -- Up-to-date: /home/raurus/Documents/Magang_Banyu/ros2/install/controller/lib/controller/pub_controller
[0.438s] -- Up-to-date: /home/raurus/Documents/Magang_Banyu/ros2/install/controller/share/ament_index/resource_index/package_run_dependencies/controller
[0.438s] -- Up-to-date: /home/raurus/Documents/Magang_Banyu/ros2/install/controller/share/ament_index/resource_index/parent_prefix_path/controller
[0.438s] -- Up-to-date: /home/raurus/Documents/Magang_Banyu/ros2/install/controller/share/controller/environment/ament_prefix_path.sh
[0.438s] -- Up-to-date: /home/raurus/Documents/Magang_Banyu/ros2/install/controller/share/controller/environment/ament_prefix_path.dsv
[0.438s] -- Up-to-date: /home/raurus/Documents/Magang_Banyu/ros2/install/controller/share/controller/environment/path.sh
[0.438s] -- Up-to-date: /home/raurus/Documents/Magang_Banyu/ros2/install/controller/share/controller/environment/path.dsv
[0.438s] -- Up-to-date: /home/raurus/Documents/Magang_Banyu/ros2/install/controller/share/controller/local_setup.bash
[0.438s] -- Up-to-date: /home/raurus/Documents/Magang_Banyu/ros2/install/controller/share/controller/local_setup.sh
[0.438s] -- Up-to-date: /home/raurus/Documents/Magang_Banyu/ros2/install/controller/share/controller/local_setup.zsh
[0.439s] -- Up-to-date: /home/raurus/Documents/Magang_Banyu/ros2/install/controller/share/controller/local_setup.dsv
[0.439s] -- Installing: /home/raurus/Documents/Magang_Banyu/ros2/install/controller/share/controller/package.dsv
[0.440s] -- Up-to-date: /home/raurus/Documents/Magang_Banyu/ros2/install/controller/share/ament_index/resource_index/packages/controller
[0.440s] -- Up-to-date: /home/raurus/Documents/Magang_Banyu/ros2/install/controller/share/controller/cmake/export_controller__rosidl_generator_cExport.cmake
[0.440s] -- Up-to-date: /home/raurus/Documents/Magang_Banyu/ros2/install/controller/share/controller/cmake/export_controller__rosidl_generator_cExport-noconfig.cmake
[0.441s] -- Up-to-date: /home/raurus/Documents/Magang_Banyu/ros2/install/controller/share/controller/cmake/export_controller__rosidl_typesupport_fastrtps_cExport.cmake
[0.441s] -- Up-to-date: /home/raurus/Documents/Magang_Banyu/ros2/install/controller/share/controller/cmake/export_controller__rosidl_typesupport_fastrtps_cExport-noconfig.cmake
[0.441s] -- Up-to-date: /home/raurus/Documents/Magang_Banyu/ros2/install/controller/share/controller/cmake/export_controller__rosidl_generator_cppExport.cmake
[0.442s] -- Up-to-date: /home/raurus/Documents/Magang_Banyu/ros2/install/controller/share/controller/cmake/export_controller__rosidl_typesupport_fastrtps_cppExport.cmake
[0.442s] -- Up-to-date: /home/raurus/Documents/Magang_Banyu/ros2/install/controller/share/controller/cmake/export_controller__rosidl_typesupport_fastrtps_cppExport-noconfig.cmake
[0.442s] -- Up-to-date: /home/raurus/Documents/Magang_Banyu/ros2/install/controller/share/controller/cmake/controller__rosidl_typesupport_introspection_cExport.cmake
[0.443s] -- Up-to-date: /home/raurus/Documents/Magang_Banyu/ros2/install/controller/share/controller/cmake/controller__rosidl_typesupport_introspection_cExport-noconfig.cmake
[0.443s] -- Up-to-date: /home/raurus/Documents/Magang_Banyu/ros2/install/controller/share/controller/cmake/controller__rosidl_typesupport_cExport.cmake
[0.443s] -- Up-to-date: /home/raurus/Documents/Magang_Banyu/ros2/install/controller/share/controller/cmake/controller__rosidl_typesupport_cExport-noconfig.cmake
[0.443s] -- Up-to-date: /home/raurus/Documents/Magang_Banyu/ros2/install/controller/share/controller/cmake/controller__rosidl_typesupport_introspection_cppExport.cmake
[0.443s] -- Up-to-date: /home/raurus/Documents/Magang_Banyu/ros2/install/controller/share/controller/cmake/controller__rosidl_typesupport_introspection_cppExport-noconfig.cmake
[0.444s] -- Up-to-date: /home/raurus/Documents/Magang_Banyu/ros2/install/controller/share/controller/cmake/controller__rosidl_typesupport_cppExport.cmake
[0.444s] -- Up-to-date: /home/raurus/Documents/Magang_Banyu/ros2/install/controller/share/controller/cmake/controller__rosidl_typesupport_cppExport-noconfig.cmake
[0.444s] -- Up-to-date: /home/raurus/Documents/Magang_Banyu/ros2/install/controller/share/controller/cmake/export_controller__rosidl_generator_pyExport.cmake
[0.444s] -- Up-to-date: /home/raurus/Documents/Magang_Banyu/ros2/install/controller/share/controller/cmake/export_controller__rosidl_generator_pyExport-noconfig.cmake
[0.444s] -- Up-to-date: /home/raurus/Documents/Magang_Banyu/ros2/install/controller/share/controller/cmake/rosidl_cmake-extras.cmake
[0.445s] -- Up-to-date: /home/raurus/Documents/Magang_Banyu/ros2/install/controller/share/controller/cmake/ament_cmake_export_include_directories-extras.cmake
[0.445s] -- Up-to-date: /home/raurus/Documents/Magang_Banyu/ros2/install/controller/share/controller/cmake/ament_cmake_export_libraries-extras.cmake
[0.445s] -- Up-to-date: /home/raurus/Documents/Magang_Banyu/ros2/install/controller/share/controller/cmake/ament_cmake_export_targets-extras.cmake
[0.445s] -- Up-to-date: /home/raurus/Documents/Magang_Banyu/ros2/install/controller/share/controller/cmake/rosidl_cmake_export_typesupport_targets-extras.cmake
[0.445s] -- Up-to-date: /home/raurus/Documents/Magang_Banyu/ros2/install/controller/share/controller/cmake/ament_cmake_export_dependencies-extras.cmake
[0.445s] -- Up-to-date: /home/raurus/Documents/Magang_Banyu/ros2/install/controller/share/controller/cmake/rosidl_cmake_export_typesupport_libraries-extras.cmake
[0.445s] -- Up-to-date: /home/raurus/Documents/Magang_Banyu/ros2/install/controller/share/controller/cmake/controllerConfig.cmake
[0.445s] -- Up-to-date: /home/raurus/Documents/Magang_Banyu/ros2/install/controller/share/controller/cmake/controllerConfig-version.cmake
[0.445s] -- Up-to-date: /home/raurus/Documents/Magang_Banyu/ros2/install/controller/share/controller/package.xml
[0.447s] Invoked command in '/home/raurus/Documents/Magang_Banyu/ros2/build/controller' returned '0': CMAKE_PREFIX_PATH=/opt/ros/humble /usr/bin/cmake --install /home/raurus/Documents/Magang_Banyu/ros2/build/controller
