[0.456s] DEBUG:colcon:Command line arguments: ['/usr/bin/colcon', 'build']
[0.456s] DEBUG:colcon:Parsed command line arguments: Namespace(log_base=None, log_level=None, verb_name='build', build_base='build', install_base='install', merge_install=False, symlink_install=False, test_result_base=None, continue_on_error=False, executor='parallel', parallel_workers=4, event_handlers=None, ignore_user_meta=False, metas=['./colcon.meta'], base_paths=['.'], packages_ignore=None, packages_ignore_regex=None, paths=None, packages_up_to=None, packages_up_to_regex=None, packages_above=None, packages_above_and_dependencies=None, packages_above_depth=None, packages_select_by_dep=None, packages_skip_by_dep=None, packages_skip_up_to=None, packages_select_build_failed=False, packages_skip_build_finished=False, packages_select_test_failures=False, packages_skip_test_passed=False, packages_select=None, packages_skip=None, packages_select_regex=None, packages_skip_regex=None, packages_start=None, packages_end=None, allow_overriding=[], cmake_args=None, cmake_target=None, cmake_target_skip_unavailable=False, cmake_clean_cache=False, cmake_clean_first=False, cmake_force_configure=False, ament_cmake_args=None, catkin_cmake_args=None, catkin_skip_building_tests=False, verb_parser=<colcon_defaults.argument_parser.defaults.DefaultArgumentsDecorator object at 0xffff9b293640>, verb_extension=<colcon_core.verb.build.BuildVerb object at 0xffff9c57c8b0>, main=<bound method BuildVerb.main of <colcon_core.verb.build.BuildVerb object at 0xffff9c57c8b0>>)
[0.483s] Level 1:colcon.colcon_core.package_discovery:discover_packages(colcon_meta) check parameters
[0.484s] Level 1:colcon.colcon_core.package_discovery:discover_packages(recursive) check parameters
[0.484s] Level 1:colcon.colcon_core.package_discovery:discover_packages(ignore) check parameters
[0.484s] Level 1:colcon.colcon_core.package_discovery:discover_packages(path) check parameters
[0.484s] Level 1:colcon.colcon_core.package_discovery:discover_packages(colcon_meta) discover
[0.484s] Level 1:colcon.colcon_core.package_discovery:discover_packages(recursive) discover
[0.484s] INFO:colcon.colcon_core.package_discovery:Crawling recursively for packages in '/home/raurus/Documents/Magang_Banyu/ros2'
[0.484s] Level 1:colcon.colcon_core.package_identification:_identify(.) by extensions ['ignore', 'ignore_ament_install']
[0.484s] Level 1:colcon.colcon_core.package_identification:_identify(.) by extension 'ignore'
[0.484s] Level 1:colcon.colcon_core.package_identification:_identify(.) by extension 'ignore_ament_install'
[0.484s] Level 1:colcon.colcon_core.package_identification:_identify(.) by extensions ['colcon_pkg']
[0.484s] Level 1:colcon.colcon_core.package_identification:_identify(.) by extension 'colcon_pkg'
[0.484s] Level 1:colcon.colcon_core.package_identification:_identify(.) by extensions ['colcon_meta']
[0.484s] Level 1:colcon.colcon_core.package_identification:_identify(.) by extension 'colcon_meta'
[0.484s] Level 1:colcon.colcon_core.package_identification:_identify(.) by extensions ['ros']
[0.484s] Level 1:colcon.colcon_core.package_identification:_identify(.) by extension 'ros'
[0.492s] Level 1:colcon.colcon_core.package_identification:_identify(.) by extensions ['cmake', 'python']
[0.492s] Level 1:colcon.colcon_core.package_identification:_identify(.) by extension 'cmake'
[0.492s] Level 1:colcon.colcon_core.package_identification:_identify(.) by extension 'python'
[0.492s] Level 1:colcon.colcon_core.package_identification:_identify(.) by extensions ['python_setup_py']
[0.492s] Level 1:colcon.colcon_core.package_identification:_identify(.) by extension 'python_setup_py'
[0.492s] Level 1:colcon.colcon_core.package_identification:_identify(build) by extensions ['ignore', 'ignore_ament_install']
[0.492s] Level 1:colcon.colcon_core.package_identification:_identify(build) by extension 'ignore'
[0.492s] Level 1:colcon.colcon_core.package_identification:_identify(build) ignored
[0.492s] Level 1:colcon.colcon_core.package_identification:_identify(install) by extensions ['ignore', 'ignore_ament_install']
[0.492s] Level 1:colcon.colcon_core.package_identification:_identify(install) by extension 'ignore'
[0.492s] Level 1:colcon.colcon_core.package_identification:_identify(install) ignored
[0.492s] Level 1:colcon.colcon_core.package_identification:_identify(log) by extensions ['ignore', 'ignore_ament_install']
[0.492s] Level 1:colcon.colcon_core.package_identification:_identify(log) by extension 'ignore'
[0.492s] Level 1:colcon.colcon_core.package_identification:_identify(log) ignored
[0.492s] Level 1:colcon.colcon_core.package_identification:_identify(src) by extensions ['ignore', 'ignore_ament_install']
[0.492s] Level 1:colcon.colcon_core.package_identification:_identify(src) by extension 'ignore'
[0.492s] Level 1:colcon.colcon_core.package_identification:_identify(src) by extension 'ignore_ament_install'
[0.492s] Level 1:colcon.colcon_core.package_identification:_identify(src) by extensions ['colcon_pkg']
[0.492s] Level 1:colcon.colcon_core.package_identification:_identify(src) by extension 'colcon_pkg'
[0.492s] Level 1:colcon.colcon_core.package_identification:_identify(src) by extensions ['colcon_meta']
[0.492s] Level 1:colcon.colcon_core.package_identification:_identify(src) by extension 'colcon_meta'
[0.492s] Level 1:colcon.colcon_core.package_identification:_identify(src) by extensions ['ros']
[0.492s] Level 1:colcon.colcon_core.package_identification:_identify(src) by extension 'ros'
[0.493s] Level 1:colcon.colcon_core.package_identification:_identify(src) by extensions ['cmake', 'python']
[0.493s] Level 1:colcon.colcon_core.package_identification:_identify(src) by extension 'cmake'
[0.493s] Level 1:colcon.colcon_core.package_identification:_identify(src) by extension 'python'
[0.493s] Level 1:colcon.colcon_core.package_identification:_identify(src) by extensions ['python_setup_py']
[0.493s] Level 1:colcon.colcon_core.package_identification:_identify(src) by extension 'python_setup_py'
[0.493s] Level 1:colcon.colcon_core.package_identification:_identify(src/controller) by extensions ['ignore', 'ignore_ament_install']
[0.493s] Level 1:colcon.colcon_core.package_identification:_identify(src/controller) by extension 'ignore'
[0.493s] Level 1:colcon.colcon_core.package_identification:_identify(src/controller) by extension 'ignore_ament_install'
[0.493s] Level 1:colcon.colcon_core.package_identification:_identify(src/controller) by extensions ['colcon_pkg']
[0.493s] Level 1:colcon.colcon_core.package_identification:_identify(src/controller) by extension 'colcon_pkg'
[0.493s] Level 1:colcon.colcon_core.package_identification:_identify(src/controller) by extensions ['colcon_meta']
[0.493s] Level 1:colcon.colcon_core.package_identification:_identify(src/controller) by extension 'colcon_meta'
[0.493s] Level 1:colcon.colcon_core.package_identification:_identify(src/controller) by extensions ['ros']
[0.493s] Level 1:colcon.colcon_core.package_identification:_identify(src/controller) by extension 'ros'
[0.494s] DEBUG:colcon.colcon_core.package_identification:Package 'src/controller' with type 'ros.ament_cmake' and name 'controller'
[0.494s] Level 1:colcon.colcon_core.package_discovery:discover_packages(recursive) using defaults
[0.494s] Level 1:colcon.colcon_core.package_discovery:discover_packages(ignore) discover
[0.494s] Level 1:colcon.colcon_core.package_discovery:discover_packages(ignore) using defaults
[0.494s] Level 1:colcon.colcon_core.package_discovery:discover_packages(path) discover
[0.494s] Level 1:colcon.colcon_core.package_discovery:discover_packages(path) using defaults
[0.537s] Level 1:colcon.colcon_core.package_discovery:discover_packages(prefix_path) check parameters
[0.537s] Level 1:colcon.colcon_core.package_discovery:discover_packages(prefix_path) discover
[0.550s] DEBUG:colcon.colcon_installed_package_information.package_discovery:Found 1 installed packages in /home/raurus/Documents/Magang_Banyu/ros2/install
[0.556s] DEBUG:colcon.colcon_installed_package_information.package_discovery:Found 1 installed packages in /home/raurus/Documents/ros2/install
[0.563s] DEBUG:colcon.colcon_installed_package_information.package_discovery:Found 288 installed packages in /opt/ros/humble
[0.563s] Level 1:colcon.colcon_core.package_discovery:discover_packages(prefix_path) using defaults
[0.616s] Level 5:colcon.colcon_core.verb:set package 'controller' build argument 'cmake_args' from command line to 'None'
[0.616s] Level 5:colcon.colcon_core.verb:set package 'controller' build argument 'cmake_target' from command line to 'None'
[0.616s] Level 5:colcon.colcon_core.verb:set package 'controller' build argument 'cmake_target_skip_unavailable' from command line to 'False'
[0.616s] Level 5:colcon.colcon_core.verb:set package 'controller' build argument 'cmake_clean_cache' from command line to 'False'
[0.616s] Level 5:colcon.colcon_core.verb:set package 'controller' build argument 'cmake_clean_first' from command line to 'False'
[0.616s] Level 5:colcon.colcon_core.verb:set package 'controller' build argument 'cmake_force_configure' from command line to 'False'
[0.616s] Level 5:colcon.colcon_core.verb:set package 'controller' build argument 'ament_cmake_args' from command line to 'None'
[0.616s] Level 5:colcon.colcon_core.verb:set package 'controller' build argument 'catkin_cmake_args' from command line to 'None'
[0.616s] Level 5:colcon.colcon_core.verb:set package 'controller' build argument 'catkin_skip_building_tests' from command line to 'False'
[0.616s] DEBUG:colcon.colcon_core.verb:Building package 'controller' with the following arguments: {'ament_cmake_args': None, 'build_base': '/home/raurus/Documents/Magang_Banyu/ros2/build/controller', 'catkin_cmake_args': None, 'catkin_skip_building_tests': False, 'cmake_args': None, 'cmake_clean_cache': False, 'cmake_clean_first': False, 'cmake_force_configure': False, 'cmake_target': None, 'cmake_target_skip_unavailable': False, 'install_base': '/home/raurus/Documents/Magang_Banyu/ros2/install/controller', 'merge_install': False, 'path': '/home/raurus/Documents/Magang_Banyu/ros2/src/controller', 'symlink_install': False, 'test_result_base': None}
[0.622s] INFO:colcon.colcon_core.executor:Executing jobs using 'parallel' executor
[0.629s] DEBUG:colcon.colcon_parallel_executor.executor.parallel:run_until_complete
[0.629s] INFO:colcon.colcon_ros.task.ament_cmake.build:Building ROS package in '/home/raurus/Documents/Magang_Banyu/ros2/src/controller' with build type 'ament_cmake'
[0.629s] INFO:colcon.colcon_cmake.task.cmake.build:Building CMake package in '/home/raurus/Documents/Magang_Banyu/ros2/src/controller'
[0.636s] INFO:colcon.colcon_core.plugin_system:Skipping extension 'colcon_core.shell.bat': Not used on non-Windows systems
[0.636s] INFO:colcon.colcon_core.shell:Skip shell extension 'powershell' for command environment: Not usable outside of PowerShell
[0.636s] DEBUG:colcon.colcon_core.shell:Skip shell extension 'dsv' for command environment
[0.669s] DEBUG:colcon.colcon_core.event_handler.log_command:Invoking command in '/home/raurus/Documents/Magang_Banyu/ros2/build/controller': CMAKE_PREFIX_PATH=${CMAKE_PREFIX_PATH}:/opt/ros/humble /usr/bin/cmake --build /home/raurus/Documents/Magang_Banyu/ros2/build/controller -- -j4 -l4
[6.773s] DEBUG:colcon.colcon_core.event_handler.log_command:Invoked command in '/home/raurus/Documents/Magang_Banyu/ros2/build/controller' returned '0': CMAKE_PREFIX_PATH=${CMAKE_PREFIX_PATH}:/opt/ros/humble /usr/bin/cmake --build /home/raurus/Documents/Magang_Banyu/ros2/build/controller -- -j4 -l4
[6.848s] DEBUG:colcon.colcon_core.event_handler.log_command:Invoking command in '/home/raurus/Documents/Magang_Banyu/ros2/build/controller': CMAKE_PREFIX_PATH=${CMAKE_PREFIX_PATH}:/opt/ros/humble /usr/bin/cmake --install /home/raurus/Documents/Magang_Banyu/ros2/build/controller
[6.922s] Level 1:colcon.colcon_core.environment:create_environment_scripts_only(controller)
[6.923s] DEBUG:colcon.colcon_core.event_handler.log_command:Invoked command in '/home/raurus/Documents/Magang_Banyu/ros2/build/controller' returned '0': CMAKE_PREFIX_PATH=${CMAKE_PREFIX_PATH}:/opt/ros/humble /usr/bin/cmake --install /home/raurus/Documents/Magang_Banyu/ros2/build/controller
[7.012s] Level 1:colcon.colcon_core.environment:checking '/home/raurus/Documents/Magang_Banyu/ros2/install/controller' for CMake module files
[7.013s] Level 1:colcon.colcon_core.environment:checking '/home/raurus/Documents/Magang_Banyu/ros2/install/controller' for CMake config files
[7.013s] Level 1:colcon.colcon_core.shell:create_environment_hook('controller', 'cmake_prefix_path')
[7.020s] INFO:colcon.colcon_core.shell:Creating environment hook '/home/raurus/Documents/Magang_Banyu/ros2/install/controller/share/controller/hook/cmake_prefix_path.ps1'
[7.020s] INFO:colcon.colcon_core.shell:Creating environment descriptor '/home/raurus/Documents/Magang_Banyu/ros2/install/controller/share/controller/hook/cmake_prefix_path.dsv'
[7.021s] INFO:colcon.colcon_core.shell:Creating environment hook '/home/raurus/Documents/Magang_Banyu/ros2/install/controller/share/controller/hook/cmake_prefix_path.sh'
[7.021s] Level 1:colcon.colcon_core.environment:checking '/home/raurus/Documents/Magang_Banyu/ros2/install/controller/lib'
[7.021s] Level 1:colcon.colcon_core.shell:create_environment_hook('controller', 'ld_library_path_lib')
[7.028s] INFO:colcon.colcon_core.shell:Creating environment hook '/home/raurus/Documents/Magang_Banyu/ros2/install/controller/share/controller/hook/ld_library_path_lib.ps1'
[7.028s] INFO:colcon.colcon_core.shell:Creating environment descriptor '/home/raurus/Documents/Magang_Banyu/ros2/install/controller/share/controller/hook/ld_library_path_lib.dsv'
[7.029s] INFO:colcon.colcon_core.shell:Creating environment hook '/home/raurus/Documents/Magang_Banyu/ros2/install/controller/share/controller/hook/ld_library_path_lib.sh'
[7.029s] Level 1:colcon.colcon_core.environment:checking '/home/raurus/Documents/Magang_Banyu/ros2/install/controller/bin'
[7.029s] Level 1:colcon.colcon_core.environment:checking '/home/raurus/Documents/Magang_Banyu/ros2/install/controller/lib/pkgconfig/controller.pc'
[7.029s] Level 1:colcon.colcon_core.environment:checking '/home/raurus/Documents/Magang_Banyu/ros2/install/controller/lib/python3.10/site-packages'
[7.029s] Level 1:colcon.colcon_core.environment:checking '/home/raurus/Documents/Magang_Banyu/ros2/install/controller/bin'
[7.036s] INFO:colcon.colcon_core.shell:Creating package script '/home/raurus/Documents/Magang_Banyu/ros2/install/controller/share/controller/package.ps1'
[7.037s] INFO:colcon.colcon_core.shell:Creating package descriptor '/home/raurus/Documents/Magang_Banyu/ros2/install/controller/share/controller/package.dsv'
[7.038s] INFO:colcon.colcon_core.shell:Creating package script '/home/raurus/Documents/Magang_Banyu/ros2/install/controller/share/controller/package.sh'
[7.038s] INFO:colcon.colcon_core.shell:Creating package script '/home/raurus/Documents/Magang_Banyu/ros2/install/controller/share/controller/package.bash'
[7.039s] INFO:colcon.colcon_core.shell:Creating package script '/home/raurus/Documents/Magang_Banyu/ros2/install/controller/share/controller/package.zsh'
[7.042s] Level 1:colcon.colcon_core.environment:create_file_with_runtime_dependencies(/home/raurus/Documents/Magang_Banyu/ros2/install/controller/share/colcon-core/packages/controller)
[7.102s] Level 1:colcon.colcon_core.environment:create_environment_scripts_only(controller)
[7.110s] Level 1:colcon.colcon_core.environment:checking '/home/raurus/Documents/Magang_Banyu/ros2/install/controller' for CMake module files
[7.111s] Level 1:colcon.colcon_core.environment:checking '/home/raurus/Documents/Magang_Banyu/ros2/install/controller' for CMake config files
[7.111s] Level 1:colcon.colcon_core.shell:create_environment_hook('controller', 'cmake_prefix_path')
[7.118s] INFO:colcon.colcon_core.shell:Creating environment hook '/home/raurus/Documents/Magang_Banyu/ros2/install/controller/share/controller/hook/cmake_prefix_path.ps1'
[7.118s] INFO:colcon.colcon_core.shell:Creating environment descriptor '/home/raurus/Documents/Magang_Banyu/ros2/install/controller/share/controller/hook/cmake_prefix_path.dsv'
[7.119s] INFO:colcon.colcon_core.shell:Creating environment hook '/home/raurus/Documents/Magang_Banyu/ros2/install/controller/share/controller/hook/cmake_prefix_path.sh'
[7.119s] Level 1:colcon.colcon_core.environment:checking '/home/raurus/Documents/Magang_Banyu/ros2/install/controller/lib'
[7.119s] Level 1:colcon.colcon_core.shell:create_environment_hook('controller', 'ld_library_path_lib')
[7.127s] INFO:colcon.colcon_core.shell:Creating environment hook '/home/raurus/Documents/Magang_Banyu/ros2/install/controller/share/controller/hook/ld_library_path_lib.ps1'
[7.127s] INFO:colcon.colcon_core.shell:Creating environment descriptor '/home/raurus/Documents/Magang_Banyu/ros2/install/controller/share/controller/hook/ld_library_path_lib.dsv'
[7.127s] INFO:colcon.colcon_core.shell:Creating environment hook '/home/raurus/Documents/Magang_Banyu/ros2/install/controller/share/controller/hook/ld_library_path_lib.sh'
[7.128s] Level 1:colcon.colcon_core.environment:checking '/home/raurus/Documents/Magang_Banyu/ros2/install/controller/bin'
[7.128s] Level 1:colcon.colcon_core.environment:checking '/home/raurus/Documents/Magang_Banyu/ros2/install/controller/lib/pkgconfig/controller.pc'
[7.128s] Level 1:colcon.colcon_core.environment:checking '/home/raurus/Documents/Magang_Banyu/ros2/install/controller/lib/python3.10/site-packages'
[7.128s] Level 1:colcon.colcon_core.environment:checking '/home/raurus/Documents/Magang_Banyu/ros2/install/controller/bin'
[7.136s] INFO:colcon.colcon_core.shell:Creating package script '/home/raurus/Documents/Magang_Banyu/ros2/install/controller/share/controller/package.ps1'
[7.137s] INFO:colcon.colcon_core.shell:Creating package descriptor '/home/raurus/Documents/Magang_Banyu/ros2/install/controller/share/controller/package.dsv'
[7.137s] INFO:colcon.colcon_core.shell:Creating package script '/home/raurus/Documents/Magang_Banyu/ros2/install/controller/share/controller/package.sh'
[7.137s] INFO:colcon.colcon_core.shell:Creating package script '/home/raurus/Documents/Magang_Banyu/ros2/install/controller/share/controller/package.bash'
[7.138s] INFO:colcon.colcon_core.shell:Creating package script '/home/raurus/Documents/Magang_Banyu/ros2/install/controller/share/controller/package.zsh'
[7.138s] Level 1:colcon.colcon_core.environment:create_file_with_runtime_dependencies(/home/raurus/Documents/Magang_Banyu/ros2/install/controller/share/colcon-core/packages/controller)
[7.138s] DEBUG:colcon.colcon_parallel_executor.executor.parallel:closing loop
[7.139s] DEBUG:colcon.colcon_parallel_executor.executor.parallel:loop closed
[7.139s] DEBUG:colcon.colcon_parallel_executor.executor.parallel:run_until_complete finished with '0'
[7.139s] DEBUG:colcon.colcon_core.event_reactor:joining thread
[7.153s] INFO:colcon.colcon_core.plugin_system:Skipping extension 'colcon_notification.desktop_notification.terminal_notifier': Not used on non-Darwin systems
[7.153s] INFO:colcon.colcon_core.plugin_system:Skipping extension 'colcon_notification.desktop_notification.win32': Not used on non-Windows systems
[7.153s] INFO:colcon.colcon_notification.desktop_notification:Sending desktop notification using 'notify2'
[7.186s] DEBUG:colcon.colcon_core.event_reactor:joined thread
[7.198s] INFO:colcon.colcon_core.shell:Creating prefix script '/home/raurus/Documents/Magang_Banyu/ros2/install/local_setup.ps1'
[7.199s] INFO:colcon.colcon_core.shell:Creating prefix util module '/home/raurus/Documents/Magang_Banyu/ros2/install/_local_setup_util_ps1.py'
[7.200s] INFO:colcon.colcon_core.shell:Creating prefix chain script '/home/raurus/Documents/Magang_Banyu/ros2/install/setup.ps1'
[7.210s] INFO:colcon.colcon_core.shell:Creating prefix script '/home/raurus/Documents/Magang_Banyu/ros2/install/local_setup.sh'
[7.211s] INFO:colcon.colcon_core.shell:Creating prefix util module '/home/raurus/Documents/Magang_Banyu/ros2/install/_local_setup_util_sh.py'
[7.211s] INFO:colcon.colcon_core.shell:Creating prefix chain script '/home/raurus/Documents/Magang_Banyu/ros2/install/setup.sh'
[7.222s] INFO:colcon.colcon_core.shell:Creating prefix script '/home/raurus/Documents/Magang_Banyu/ros2/install/local_setup.bash'
[7.223s] INFO:colcon.colcon_core.shell:Creating prefix chain script '/home/raurus/Documents/Magang_Banyu/ros2/install/setup.bash'
[7.232s] INFO:colcon.colcon_core.shell:Creating prefix script '/home/raurus/Documents/Magang_Banyu/ros2/install/local_setup.zsh'
[7.233s] INFO:colcon.colcon_core.shell:Creating prefix chain script '/home/raurus/Documents/Magang_Banyu/ros2/install/setup.zsh'
