[0.531s] DEBUG:colcon:Command line arguments: ['/usr/bin/colcon', 'build']
[0.531s] DEBUG:colcon:Parsed command line arguments: Namespace(log_base=None, log_level=None, verb_name='build', build_base='build', install_base='install', merge_install=False, symlink_install=False, test_result_base=None, continue_on_error=False, executor='parallel', parallel_workers=4, event_handlers=None, ignore_user_meta=False, metas=['./colcon.meta'], base_paths=['.'], packages_ignore=None, packages_ignore_regex=None, paths=None, packages_up_to=None, packages_up_to_regex=None, packages_above=None, packages_above_and_dependencies=None, packages_above_depth=None, packages_select_by_dep=None, packages_skip_by_dep=None, packages_skip_up_to=None, packages_select_build_failed=False, packages_skip_build_finished=False, packages_select_test_failures=False, packages_skip_test_passed=False, packages_select=None, packages_skip=None, packages_select_regex=None, packages_skip_regex=None, packages_start=None, packages_end=None, allow_overriding=[], cmake_args=None, cmake_target=None, cmake_target_skip_unavailable=False, cmake_clean_cache=False, cmake_clean_first=False, cmake_force_configure=False, ament_cmake_args=None, catkin_cmake_args=None, catkin_skip_building_tests=False, verb_parser=<colcon_defaults.argument_parser.defaults.DefaultArgumentsDecorator object at 0xffff86f92620>, verb_extension=<colcon_core.verb.build.BuildVerb object at 0xffff8827c850>, main=<bound method BuildVerb.main of <colcon_core.verb.build.BuildVerb object at 0xffff8827c850>>)
[0.557s] Level 1:colcon.colcon_core.package_discovery:discover_packages(colcon_meta) check parameters
[0.557s] Level 1:colcon.colcon_core.package_discovery:discover_packages(recursive) check parameters
[0.557s] Level 1:colcon.colcon_core.package_discovery:discover_packages(ignore) check parameters
[0.557s] Level 1:colcon.colcon_core.package_discovery:discover_packages(path) check parameters
[0.557s] Level 1:colcon.colcon_core.package_discovery:discover_packages(colcon_meta) discover
[0.557s] Level 1:colcon.colcon_core.package_discovery:discover_packages(recursive) discover
[0.557s] INFO:colcon.colcon_core.package_discovery:Crawling recursively for packages in '/home/raurus/Documents/Magang_Banyu/ros2'
[0.558s] Level 1:colcon.colcon_core.package_identification:_identify(.) by extensions ['ignore', 'ignore_ament_install']
[0.558s] Level 1:colcon.colcon_core.package_identification:_identify(.) by extension 'ignore'
[0.558s] Level 1:colcon.colcon_core.package_identification:_identify(.) by extension 'ignore_ament_install'
[0.558s] Level 1:colcon.colcon_core.package_identification:_identify(.) by extensions ['colcon_pkg']
[0.558s] Level 1:colcon.colcon_core.package_identification:_identify(.) by extension 'colcon_pkg'
[0.558s] Level 1:colcon.colcon_core.package_identification:_identify(.) by extensions ['colcon_meta']
[0.558s] Level 1:colcon.colcon_core.package_identification:_identify(.) by extension 'colcon_meta'
[0.558s] Level 1:colcon.colcon_core.package_identification:_identify(.) by extensions ['ros']
[0.558s] Level 1:colcon.colcon_core.package_identification:_identify(.) by extension 'ros'
[0.564s] Level 1:colcon.colcon_core.package_identification:_identify(.) by extensions ['cmake', 'python']
[0.564s] Level 1:colcon.colcon_core.package_identification:_identify(.) by extension 'cmake'
[0.564s] Level 1:colcon.colcon_core.package_identification:_identify(.) by extension 'python'
[0.564s] Level 1:colcon.colcon_core.package_identification:_identify(.) by extensions ['python_setup_py']
[0.565s] Level 1:colcon.colcon_core.package_identification:_identify(.) by extension 'python_setup_py'
[0.565s] Level 1:colcon.colcon_core.package_identification:_identify(build) by extensions ['ignore', 'ignore_ament_install']
[0.565s] Level 1:colcon.colcon_core.package_identification:_identify(build) by extension 'ignore'
[0.565s] Level 1:colcon.colcon_core.package_identification:_identify(build) ignored
[0.565s] Level 1:colcon.colcon_core.package_identification:_identify(install) by extensions ['ignore', 'ignore_ament_install']
[0.565s] Level 1:colcon.colcon_core.package_identification:_identify(install) by extension 'ignore'
[0.565s] Level 1:colcon.colcon_core.package_identification:_identify(install) ignored
[0.565s] Level 1:colcon.colcon_core.package_identification:_identify(log) by extensions ['ignore', 'ignore_ament_install']
[0.565s] Level 1:colcon.colcon_core.package_identification:_identify(log) by extension 'ignore'
[0.565s] Level 1:colcon.colcon_core.package_identification:_identify(log) ignored
[0.565s] Level 1:colcon.colcon_core.package_identification:_identify(src) by extensions ['ignore', 'ignore_ament_install']
[0.565s] Level 1:colcon.colcon_core.package_identification:_identify(src) by extension 'ignore'
[0.565s] Level 1:colcon.colcon_core.package_identification:_identify(src) by extension 'ignore_ament_install'
[0.565s] Level 1:colcon.colcon_core.package_identification:_identify(src) by extensions ['colcon_pkg']
[0.565s] Level 1:colcon.colcon_core.package_identification:_identify(src) by extension 'colcon_pkg'
[0.565s] Level 1:colcon.colcon_core.package_identification:_identify(src) by extensions ['colcon_meta']
[0.565s] Level 1:colcon.colcon_core.package_identification:_identify(src) by extension 'colcon_meta'
[0.565s] Level 1:colcon.colcon_core.package_identification:_identify(src) by extensions ['ros']
[0.565s] Level 1:colcon.colcon_core.package_identification:_identify(src) by extension 'ros'
[0.565s] Level 1:colcon.colcon_core.package_identification:_identify(src) by extensions ['cmake', 'python']
[0.565s] Level 1:colcon.colcon_core.package_identification:_identify(src) by extension 'cmake'
[0.565s] Level 1:colcon.colcon_core.package_identification:_identify(src) by extension 'python'
[0.565s] Level 1:colcon.colcon_core.package_identification:_identify(src) by extensions ['python_setup_py']
[0.565s] Level 1:colcon.colcon_core.package_identification:_identify(src) by extension 'python_setup_py'
[0.565s] Level 1:colcon.colcon_core.package_identification:_identify(src/controller) by extensions ['ignore', 'ignore_ament_install']
[0.565s] Level 1:colcon.colcon_core.package_identification:_identify(src/controller) by extension 'ignore'
[0.565s] Level 1:colcon.colcon_core.package_identification:_identify(src/controller) by extension 'ignore_ament_install'
[0.565s] Level 1:colcon.colcon_core.package_identification:_identify(src/controller) by extensions ['colcon_pkg']
[0.565s] Level 1:colcon.colcon_core.package_identification:_identify(src/controller) by extension 'colcon_pkg'
[0.565s] Level 1:colcon.colcon_core.package_identification:_identify(src/controller) by extensions ['colcon_meta']
[0.565s] Level 1:colcon.colcon_core.package_identification:_identify(src/controller) by extension 'colcon_meta'
[0.565s] Level 1:colcon.colcon_core.package_identification:_identify(src/controller) by extensions ['ros']
[0.565s] Level 1:colcon.colcon_core.package_identification:_identify(src/controller) by extension 'ros'
[0.567s] DEBUG:colcon.colcon_core.package_identification:Package 'src/controller' with type 'ros.ament_cmake' and name 'controller'
[0.567s] Level 1:colcon.colcon_core.package_discovery:discover_packages(recursive) using defaults
[0.567s] Level 1:colcon.colcon_core.package_discovery:discover_packages(ignore) discover
[0.567s] Level 1:colcon.colcon_core.package_discovery:discover_packages(ignore) using defaults
[0.567s] Level 1:colcon.colcon_core.package_discovery:discover_packages(path) discover
[0.567s] Level 1:colcon.colcon_core.package_discovery:discover_packages(path) using defaults
[0.612s] Level 1:colcon.colcon_core.package_discovery:discover_packages(prefix_path) check parameters
[0.612s] Level 1:colcon.colcon_core.package_discovery:discover_packages(prefix_path) discover
[0.629s] DEBUG:colcon.colcon_installed_package_information.package_discovery:Found 1 installed packages in /home/raurus/Documents/ros2/install
[0.636s] DEBUG:colcon.colcon_installed_package_information.package_discovery:Found 288 installed packages in /opt/ros/humble
[0.637s] Level 1:colcon.colcon_core.package_discovery:discover_packages(prefix_path) using defaults
[0.694s] Level 5:colcon.colcon_core.verb:set package 'controller' build argument 'cmake_args' from command line to 'None'
[0.694s] Level 5:colcon.colcon_core.verb:set package 'controller' build argument 'cmake_target' from command line to 'None'
[0.694s] Level 5:colcon.colcon_core.verb:set package 'controller' build argument 'cmake_target_skip_unavailable' from command line to 'False'
[0.694s] Level 5:colcon.colcon_core.verb:set package 'controller' build argument 'cmake_clean_cache' from command line to 'False'
[0.694s] Level 5:colcon.colcon_core.verb:set package 'controller' build argument 'cmake_clean_first' from command line to 'False'
[0.694s] Level 5:colcon.colcon_core.verb:set package 'controller' build argument 'cmake_force_configure' from command line to 'False'
[0.694s] Level 5:colcon.colcon_core.verb:set package 'controller' build argument 'ament_cmake_args' from command line to 'None'
[0.694s] Level 5:colcon.colcon_core.verb:set package 'controller' build argument 'catkin_cmake_args' from command line to 'None'
[0.694s] Level 5:colcon.colcon_core.verb:set package 'controller' build argument 'catkin_skip_building_tests' from command line to 'False'
[0.694s] DEBUG:colcon.colcon_core.verb:Building package 'controller' with the following arguments: {'ament_cmake_args': None, 'build_base': '/home/raurus/Documents/Magang_Banyu/ros2/build/controller', 'catkin_cmake_args': None, 'catkin_skip_building_tests': False, 'cmake_args': None, 'cmake_clean_cache': False, 'cmake_clean_first': False, 'cmake_force_configure': False, 'cmake_target': None, 'cmake_target_skip_unavailable': False, 'install_base': '/home/raurus/Documents/Magang_Banyu/ros2/install/controller', 'merge_install': False, 'path': '/home/raurus/Documents/Magang_Banyu/ros2/src/controller', 'symlink_install': False, 'test_result_base': None}
[0.700s] INFO:colcon.colcon_core.executor:Executing jobs using 'parallel' executor
[0.708s] DEBUG:colcon.colcon_parallel_executor.executor.parallel:run_until_complete
[0.708s] INFO:colcon.colcon_ros.task.ament_cmake.build:Building ROS package in '/home/raurus/Documents/Magang_Banyu/ros2/src/controller' with build type 'ament_cmake'
[0.708s] INFO:colcon.colcon_cmake.task.cmake.build:Building CMake package in '/home/raurus/Documents/Magang_Banyu/ros2/src/controller'
[0.715s] INFO:colcon.colcon_core.plugin_system:Skipping extension 'colcon_core.shell.bat': Not used on non-Windows systems
[0.716s] INFO:colcon.colcon_core.shell:Skip shell extension 'powershell' for command environment: Not usable outside of PowerShell
[0.716s] DEBUG:colcon.colcon_core.shell:Skip shell extension 'dsv' for command environment
[0.743s] DEBUG:colcon.colcon_core.event_handler.log_command:Invoking command in '/home/raurus/Documents/Magang_Banyu/ros2/build/controller': CMAKE_PREFIX_PATH=${CMAKE_PREFIX_PATH}:/opt/ros/humble /usr/bin/cmake --build /home/raurus/Documents/Magang_Banyu/ros2/build/controller -- -j4 -l4
[6.321s] DEBUG:colcon.colcon_core.event_handler.log_command:Invoked command in '/home/raurus/Documents/Magang_Banyu/ros2/build/controller' returned '0': CMAKE_PREFIX_PATH=${CMAKE_PREFIX_PATH}:/opt/ros/humble /usr/bin/cmake --build /home/raurus/Documents/Magang_Banyu/ros2/build/controller -- -j4 -l4
[6.382s] DEBUG:colcon.colcon_core.event_handler.log_command:Invoking command in '/home/raurus/Documents/Magang_Banyu/ros2/build/controller': CMAKE_PREFIX_PATH=${CMAKE_PREFIX_PATH}:/opt/ros/humble /usr/bin/cmake --install /home/raurus/Documents/Magang_Banyu/ros2/build/controller
[6.448s] Level 1:colcon.colcon_core.environment:create_environment_scripts_only(controller)
[6.449s] DEBUG:colcon.colcon_core.event_handler.log_command:Invoked command in '/home/raurus/Documents/Magang_Banyu/ros2/build/controller' returned '0': CMAKE_PREFIX_PATH=${CMAKE_PREFIX_PATH}:/opt/ros/humble /usr/bin/cmake --install /home/raurus/Documents/Magang_Banyu/ros2/build/controller
[6.458s] Level 1:colcon.colcon_core.environment:checking '/home/raurus/Documents/Magang_Banyu/ros2/install/controller' for CMake module files
[6.459s] Level 1:colcon.colcon_core.environment:checking '/home/raurus/Documents/Magang_Banyu/ros2/install/controller' for CMake config files
[6.459s] Level 1:colcon.colcon_core.shell:create_environment_hook('controller', 'cmake_prefix_path')
[6.466s] INFO:colcon.colcon_core.shell:Creating environment hook '/home/raurus/Documents/Magang_Banyu/ros2/install/controller/share/controller/hook/cmake_prefix_path.ps1'
[6.468s] INFO:colcon.colcon_core.shell:Creating environment descriptor '/home/raurus/Documents/Magang_Banyu/ros2/install/controller/share/controller/hook/cmake_prefix_path.dsv'
[6.469s] INFO:colcon.colcon_core.shell:Creating environment hook '/home/raurus/Documents/Magang_Banyu/ros2/install/controller/share/controller/hook/cmake_prefix_path.sh'
[6.469s] Level 1:colcon.colcon_core.environment:checking '/home/raurus/Documents/Magang_Banyu/ros2/install/controller/lib'
[6.469s] Level 1:colcon.colcon_core.shell:create_environment_hook('controller', 'ld_library_path_lib')
[6.476s] INFO:colcon.colcon_core.shell:Creating environment hook '/home/raurus/Documents/Magang_Banyu/ros2/install/controller/share/controller/hook/ld_library_path_lib.ps1'
[6.476s] INFO:colcon.colcon_core.shell:Creating environment descriptor '/home/raurus/Documents/Magang_Banyu/ros2/install/controller/share/controller/hook/ld_library_path_lib.dsv'
[6.476s] INFO:colcon.colcon_core.shell:Creating environment hook '/home/raurus/Documents/Magang_Banyu/ros2/install/controller/share/controller/hook/ld_library_path_lib.sh'
[6.476s] Level 1:colcon.colcon_core.environment:checking '/home/raurus/Documents/Magang_Banyu/ros2/install/controller/bin'
[6.476s] Level 1:colcon.colcon_core.environment:checking '/home/raurus/Documents/Magang_Banyu/ros2/install/controller/lib/pkgconfig/controller.pc'
[6.477s] Level 1:colcon.colcon_core.environment:checking '/home/raurus/Documents/Magang_Banyu/ros2/install/controller/lib/python3.10/site-packages'
[6.477s] Level 1:colcon.colcon_core.environment:checking '/home/raurus/Documents/Magang_Banyu/ros2/install/controller/bin'
[6.483s] INFO:colcon.colcon_core.shell:Creating package script '/home/raurus/Documents/Magang_Banyu/ros2/install/controller/share/controller/package.ps1'
[6.484s] INFO:colcon.colcon_core.shell:Creating package descriptor '/home/raurus/Documents/Magang_Banyu/ros2/install/controller/share/controller/package.dsv'
[6.485s] INFO:colcon.colcon_core.shell:Creating package script '/home/raurus/Documents/Magang_Banyu/ros2/install/controller/share/controller/package.sh'
[6.485s] INFO:colcon.colcon_core.shell:Creating package script '/home/raurus/Documents/Magang_Banyu/ros2/install/controller/share/controller/package.bash'
[6.486s] INFO:colcon.colcon_core.shell:Creating package script '/home/raurus/Documents/Magang_Banyu/ros2/install/controller/share/controller/package.zsh'
[6.486s] Level 1:colcon.colcon_core.environment:create_file_with_runtime_dependencies(/home/raurus/Documents/Magang_Banyu/ros2/install/controller/share/colcon-core/packages/controller)
[6.551s] Level 1:colcon.colcon_core.environment:create_environment_scripts_only(controller)
[6.557s] Level 1:colcon.colcon_core.environment:checking '/home/raurus/Documents/Magang_Banyu/ros2/install/controller' for CMake module files
[6.558s] Level 1:colcon.colcon_core.environment:checking '/home/raurus/Documents/Magang_Banyu/ros2/install/controller' for CMake config files
[6.558s] Level 1:colcon.colcon_core.shell:create_environment_hook('controller', 'cmake_prefix_path')
[6.564s] INFO:colcon.colcon_core.shell:Creating environment hook '/home/raurus/Documents/Magang_Banyu/ros2/install/controller/share/controller/hook/cmake_prefix_path.ps1'
[6.565s] INFO:colcon.colcon_core.shell:Creating environment descriptor '/home/raurus/Documents/Magang_Banyu/ros2/install/controller/share/controller/hook/cmake_prefix_path.dsv'
[6.565s] INFO:colcon.colcon_core.shell:Creating environment hook '/home/raurus/Documents/Magang_Banyu/ros2/install/controller/share/controller/hook/cmake_prefix_path.sh'
[6.566s] Level 1:colcon.colcon_core.environment:checking '/home/raurus/Documents/Magang_Banyu/ros2/install/controller/lib'
[6.566s] Level 1:colcon.colcon_core.shell:create_environment_hook('controller', 'ld_library_path_lib')
[6.572s] INFO:colcon.colcon_core.shell:Creating environment hook '/home/raurus/Documents/Magang_Banyu/ros2/install/controller/share/controller/hook/ld_library_path_lib.ps1'
[6.572s] INFO:colcon.colcon_core.shell:Creating environment descriptor '/home/raurus/Documents/Magang_Banyu/ros2/install/controller/share/controller/hook/ld_library_path_lib.dsv'
[6.573s] INFO:colcon.colcon_core.shell:Creating environment hook '/home/raurus/Documents/Magang_Banyu/ros2/install/controller/share/controller/hook/ld_library_path_lib.sh'
[6.573s] Level 1:colcon.colcon_core.environment:checking '/home/raurus/Documents/Magang_Banyu/ros2/install/controller/bin'
[6.573s] Level 1:colcon.colcon_core.environment:checking '/home/raurus/Documents/Magang_Banyu/ros2/install/controller/lib/pkgconfig/controller.pc'
[6.573s] Level 1:colcon.colcon_core.environment:checking '/home/raurus/Documents/Magang_Banyu/ros2/install/controller/lib/python3.10/site-packages'
[6.573s] Level 1:colcon.colcon_core.environment:checking '/home/raurus/Documents/Magang_Banyu/ros2/install/controller/bin'
[6.580s] INFO:colcon.colcon_core.shell:Creating package script '/home/raurus/Documents/Magang_Banyu/ros2/install/controller/share/controller/package.ps1'
[6.581s] INFO:colcon.colcon_core.shell:Creating package descriptor '/home/raurus/Documents/Magang_Banyu/ros2/install/controller/share/controller/package.dsv'
[6.581s] INFO:colcon.colcon_core.shell:Creating package script '/home/raurus/Documents/Magang_Banyu/ros2/install/controller/share/controller/package.sh'
[6.582s] INFO:colcon.colcon_core.shell:Creating package script '/home/raurus/Documents/Magang_Banyu/ros2/install/controller/share/controller/package.bash'
[6.582s] INFO:colcon.colcon_core.shell:Creating package script '/home/raurus/Documents/Magang_Banyu/ros2/install/controller/share/controller/package.zsh'
[6.582s] Level 1:colcon.colcon_core.environment:create_file_with_runtime_dependencies(/home/raurus/Documents/Magang_Banyu/ros2/install/controller/share/colcon-core/packages/controller)
[6.583s] DEBUG:colcon.colcon_parallel_executor.executor.parallel:closing loop
[6.583s] DEBUG:colcon.colcon_parallel_executor.executor.parallel:loop closed
[6.583s] DEBUG:colcon.colcon_parallel_executor.executor.parallel:run_until_complete finished with '0'
[6.583s] DEBUG:colcon.colcon_core.event_reactor:joining thread
[6.595s] INFO:colcon.colcon_core.plugin_system:Skipping extension 'colcon_notification.desktop_notification.terminal_notifier': Not used on non-Darwin systems
[6.595s] INFO:colcon.colcon_core.plugin_system:Skipping extension 'colcon_notification.desktop_notification.win32': Not used on non-Windows systems
[6.595s] INFO:colcon.colcon_notification.desktop_notification:Sending desktop notification using 'notify2'
[6.606s] DEBUG:colcon.colcon_core.event_reactor:joined thread
[6.615s] INFO:colcon.colcon_core.shell:Creating prefix script '/home/raurus/Documents/Magang_Banyu/ros2/install/local_setup.ps1'
[6.616s] INFO:colcon.colcon_core.shell:Creating prefix util module '/home/raurus/Documents/Magang_Banyu/ros2/install/_local_setup_util_ps1.py'
[6.617s] INFO:colcon.colcon_core.shell:Creating prefix chain script '/home/raurus/Documents/Magang_Banyu/ros2/install/setup.ps1'
[6.628s] INFO:colcon.colcon_core.shell:Creating prefix script '/home/raurus/Documents/Magang_Banyu/ros2/install/local_setup.sh'
[6.628s] INFO:colcon.colcon_core.shell:Creating prefix util module '/home/raurus/Documents/Magang_Banyu/ros2/install/_local_setup_util_sh.py'
[6.629s] INFO:colcon.colcon_core.shell:Creating prefix chain script '/home/raurus/Documents/Magang_Banyu/ros2/install/setup.sh'
[6.637s] INFO:colcon.colcon_core.shell:Creating prefix script '/home/raurus/Documents/Magang_Banyu/ros2/install/local_setup.bash'
[6.637s] INFO:colcon.colcon_core.shell:Creating prefix chain script '/home/raurus/Documents/Magang_Banyu/ros2/install/setup.bash'
[6.645s] INFO:colcon.colcon_core.shell:Creating prefix script '/home/raurus/Documents/Magang_Banyu/ros2/install/local_setup.zsh'
[6.646s] INFO:colcon.colcon_core.shell:Creating prefix chain script '/home/raurus/Documents/Magang_Banyu/ros2/install/setup.zsh'
