[  3%] Built target controller__cpp
[ 12%] Built target controller__rosidl_generator_c
[ 12%] Built target ament_cmake_python_copy_controller
[ 21%] Built target controller__rosidl_typesupport_introspection_c
[ 30%] Built target controller__rosidl_typesupport_fastrtps_c
[ 39%] Built target controller__rosidl_typesupport_fastrtps_cpp
[ 48%] Built target controller__rosidl_typesupport_c
[ 57%] Built target controller__rosidl_typesupport_introspection_cpp
[ 66%] Built target controller__rosidl_typesupport_cpp
[ 69%] [32mBuilding CXX object CMakeFiles/pub_controller.dir/src/publisher_controller_function.cpp.o[0m
[ 69%] Built target controller
[ 72%] Built target controller__py
[ 75%] [32mBuilding C object CMakeFiles/controller__rosidl_generator_py.dir/rosidl_generator_py/controller/msg/_motion_s.c.o[0m
running egg_info
writing controller.egg-info/PKG-INFO
writing dependency_links to controller.egg-info/dependency_links.txt
writing top-level names to controller.egg-info/top_level.txt
reading manifest file 'controller.egg-info/SOURCES.txt'
writing manifest file 'controller.egg-info/SOURCES.txt'
[ 75%] Built target ament_cmake_python_build_controller_egg
[ 78%] [32m[1mLinking C shared library rosidl_generator_py/controller/libcontroller__rosidl_generator_py.so[0m
[ 78%] Built target controller__rosidl_generator_py
[ 81%] [32mBuilding C object CMakeFiles/controller__rosidl_typesupport_c__pyext.dir/rosidl_generator_py/controller/_controller_s.ep.rosidl_typesupport_c.c.o[0m
[ 84%] [32mBuilding C object CMakeFiles/controller__rosidl_typesupport_introspection_c__pyext.dir/rosidl_generator_py/controller/_controller_s.ep.rosidl_typesupport_introspection_c.c.o[0m
[ 87%] [32mBuilding C object CMakeFiles/controller__rosidl_typesupport_fastrtps_c__pyext.dir/rosidl_generator_py/controller/_controller_s.ep.rosidl_typesupport_fastrtps_c.c.o[0m
[ 93%] [32m[1mLinking C shared library rosidl_generator_py/controller/controller_s__rosidl_typesupport_introspection_c.cpython-310-aarch64-linux-gnu.so[0m
[ 93%] [32m[1mLinking C shared library rosidl_generator_py/controller/controller_s__rosidl_typesupport_c.cpython-310-aarch64-linux-gnu.so[0m
[ 93%] Built target controller__rosidl_typesupport_introspection_c__pyext
[ 93%] Built target controller__rosidl_typesupport_c__pyext
[ 96%] [32m[1mLinking C shared library rosidl_generator_py/controller/controller_s__rosidl_typesupport_fastrtps_c.cpython-310-aarch64-linux-gnu.so[0m
[ 96%] Built target controller__rosidl_typesupport_fastrtps_c__pyext
